2021-10-11 11:21:57.511 [INFO ] [main                                    ] c.w.w.l.LinkisBaseServerApp (47) [main] - Ready to start linkis-ps-publicservice with args: --spring.profiles.active=linkis
--server.port=9105
--spring.main.allow-bean-definition-overriding=true
--application.name=linkis-ps-publicservice.
2021-10-11 11:22:00.804 [INFO ] [main                                    ] o.s.c.c.c.ConfigServicePropertySourceLocator (249) [getRemoteEnvironment] - Fetching config from server at : http://localhost:8888
2021-10-11 11:22:01.064 [INFO ] [main                                    ] o.s.c.c.c.ConfigServicePropertySourceLocator (273) [getRemoteEnvironment] - Connect Timeout Exception on Url - http://localhost:8888. Will be trying the next url if available
2021-10-11 11:22:01.065 [WARN ] [main                                    ] o.s.c.c.c.ConfigServicePropertySourceLocator (152) [locate] - Could not locate PropertySource: I/O error on GET request for "http://localhost:8888/linkis-ps-publicservice/linkis": Connection refused (Connection refused); nested exception is java.net.ConnectException: Connection refused (Connection refused)
2021-10-11 11:22:01.087 [INFO ] [main                                    ] c.w.w.l.DataWorkCloudApplication (655) [logStartupProfileInfo] - The following profiles are active: linkis
2021-10-11 11:22:01.162 [INFO ] [main                                    ] c.w.w.l.DataWorkCloudApplication (84) [onApplicationEvent] - add config from config server...
2021-10-11 11:22:01.162 [INFO ] [main                                    ] c.w.w.l.DataWorkCloudApplication (89) [onApplicationEvent] - initialize DataWorkCloud spring application...
2021-10-11 11:22:05.625 [INFO ] [main                                    ] o.s.c.a.ConfigurationClassPostProcessor (403) [enhanceConfigurationClasses] - Cannot enhance @Configuration bean definition 'myBatisMapperScannerConfig' since its singleton instance has been created too early. The typical cause is a non-static @Bean method with a BeanDefinitionRegistryPostProcessor return type: Consider declaring such methods as 'static'.
2021-10-11 11:22:05.868 [INFO ] [main                                    ] o.s.c.c.s.GenericScope (295) [setSerializationId] - BeanFactory id=32a244b5-649f-30ae-9f6b-abcdd47a45d2
2021-10-11 11:22:06.430 [INFO ] [main                                    ] o.s.c.s.PostProcessorRegistrationDelegate$BeanPostProcessorChecker (335) [postProcessAfterInitialization] - Bean 'insLabelCacheConfiguration' of type [com.webank.wedatasphere.linkis.instance.label.cache.InsLabelCacheConfiguration$$EnhancerBySpringCGLIB$$c08cc9e2] is not eligible for getting processed by all BeanPostProcessors (for example: not eligible for auto-proxying)
2021-10-11 11:22:07.710 [INFO ] [main                                    ] o.e.j.u.log (169) [initialized] - Logging initialized @12963ms to org.eclipse.jetty.util.log.Slf4jLog
2021-10-11 11:22:08.216 [INFO ] [main                                    ] o.s.b.w.e.j.JettyServletWebServerFactory (147) [getWebServer] - Server initialized with port: 9105
2021-10-11 11:22:08.318 [INFO ] [main                                    ] o.e.j.s.Server (359) [doStart] - jetty-9.4.30.v20200611; built: 2020-06-11T12:34:51.929Z; git: 271836e4c1f4612f12b7bb13ef5a92a927634b0d; jvm 1.8.0_301-b09
2021-10-11 11:22:08.388 [INFO ] [main                                    ] o.e.j.s.h.C.application (2232) [log] - Initializing Spring embedded WebApplicationContext
2021-10-11 11:22:08.388 [INFO ] [main                                    ] o.s.b.w.s.c.ServletWebServerApplicationContext (285) [prepareWebApplicationContext] - Root WebApplicationContext: initialization completed in 7216 ms
2021-10-11 11:22:08.921 [WARN ] [main                                    ] c.n.c.s.URLConfigurationSource (121) [<init>] - No URLs will be polled as dynamic configuration sources.
2021-10-11 11:22:08.923 [INFO ] [main                                    ] c.n.c.s.URLConfigurationSource (122) [<init>] - To enable URLs as dynamic configuration sources, define System property archaius.configurationSource.additionalUrls or make config.properties available on classpath.
2021-10-11 11:22:08.951 [INFO ] [main                                    ] c.n.c.DynamicPropertyFactory (281) [getInstance] - DynamicPropertyFactory is initialized with configuration sources: com.netflix.config.ConcurrentCompositeConfiguration@6b103db7
2021-10-11 11:22:09.305 [WARN ] [main                                    ] o.s.b.a.e.EndpointId (155) [logWarning] - Endpoint ID 'service-registry' contains invalid characters, please migrate to a valid format.
2021-10-11 11:22:09.695 [INFO ] [main                                    ] o.e.j.s.session (333) [doStart] - DefaultSessionIdManager workerName=node0
2021-10-11 11:22:09.695 [INFO ] [main                                    ] o.e.j.s.session (338) [doStart] - No SessionScavenger set, using defaults
2021-10-11 11:22:09.697 [INFO ] [main                                    ] o.e.j.s.session (140) [startScavenging] - node0 Scavenging every 660000ms
2021-10-11 11:22:09.709 [INFO ] [main                                    ] o.e.j.s.h.ContextHandler (824) [doStart] - Started o.s.b.w.e.j.JettyEmbeddedWebAppContext@6ba355e4{application,/,[file:///private/var/folders/hw/68_mltw17zb0pj2gvsx9yf9r0000gn/T/jetty-docbase.400147297369538364.9105/],AVAILABLE}
2021-10-11 11:22:09.710 [INFO ] [main                                    ] o.e.j.s.Server (399) [doStart] - Started @14965ms
2021-10-11 11:22:09.971 [INFO ] [main                                    ] o.q.i.StdSchedulerFactory (1220) [instantiate] - Using default implementation for ThreadExecutor
2021-10-11 11:22:09.996 [INFO ] [main                                    ] o.q.c.SchedulerSignalerImpl (61) [<init>] - Initialized Scheduler Signaller of type: class org.quartz.core.SchedulerSignalerImpl
2021-10-11 11:22:09.997 [INFO ] [main                                    ] o.q.c.QuartzScheduler (229) [<init>] - Quartz Scheduler v.2.3.2 created.
2021-10-11 11:22:09.998 [INFO ] [main                                    ] o.q.s.RAMJobStore (155) [initialize] - RAMJobStore initialized.
2021-10-11 11:22:09.999 [INFO ] [main                                    ] o.q.c.QuartzScheduler (294) [initialize] - Scheduler meta-data: Quartz Scheduler (v2.3.2) 'quartzScheduler' with instanceId 'NON_CLUSTERED'
  Scheduler class: 'org.quartz.core.QuartzScheduler' - running locally.
  NOT STARTED.
  Currently in standby mode.
  Number of jobs executed: 0
  Using thread pool 'org.quartz.simpl.SimpleThreadPool' - with 10 threads.
  Using job-store 'org.quartz.simpl.RAMJobStore' - which does not support persistence. and is not clustered.

2021-10-11 11:22:09.999 [INFO ] [main                                    ] o.q.i.StdSchedulerFactory (1374) [instantiate] - Quartz scheduler 'quartzScheduler' initialized from an externally provided properties instance.
2021-10-11 11:22:09.999 [INFO ] [main                                    ] o.q.i.StdSchedulerFactory (1378) [instantiate] - Quartz scheduler version: 2.3.2
2021-10-11 11:22:10.000 [INFO ] [main                                    ] o.q.c.QuartzScheduler (2293) [setJobFactory] - JobFactory set to: org.springframework.scheduling.quartz.SpringBeanJobFactory@126f2eb8
2021-10-11 11:22:10.032 [INFO ] [main                                    ] c.w.w.l.j.c.i.DefaultQueryCacheManager (55) [afterPropertiesSet] - Submitted cache cleaning job.
2021-10-11 11:22:10.042 [INFO ] [main                                    ] c.w.w.l.j.c.i.DefaultQueryCacheManager (63) [afterPropertiesSet] - Submitted cache 00:00 refresh job.
2021-10-11 11:22:10.043 [INFO ] [main                                    ] o.q.c.QuartzScheduler (547) [start] - Scheduler quartzScheduler_$_NON_CLUSTERED started.
2021-10-11 11:22:10.139 [INFO ] [quartzScheduler_Worker-1                ] c.w.w.l.f.q.FSQuartz (40) [info] - closing fs...
2021-10-11 11:22:10.162 [INFO ] [quartzScheduler_Worker-2                ] c.w.w.l.j.c.i.ScheduledCleanJob (32) [executeInternal] - Started cache cleaning job.
2021-10-11 11:22:10.172 [INFO ] [quartzScheduler_Worker-2                ] c.w.w.l.j.c.i.ScheduledCleanJob (35) [executeInternal] - Finished cache cleaning job.
2021-10-11 11:22:10.336 [INFO ] [main                                    ] c.w.w.l.m.h.c.LinkisMybatisConfig$$EnhancerBySpringCGLIB$$7a938b3d (70) [hiveDataSource] - 数据库连接地址信息=jdbc:mysql://localhost:3306/hive?characterEncoding=UTF-8
2021-10-11 11:22:10.342 [INFO ] [main                                    ] c.w.w.l.m.h.c.LinkisMybatisConfig$$EnhancerBySpringCGLIB$$7a938b3d (119) [mysqlDataSource] - Database connection address information(数据库连接地址信息)=jdbc:mysql://localhost:3306/linkis?characterEncoding=UTF-8
2021-10-11 11:22:12.413 [INFO ] [main                                    ] c.w.w.l.m.MybatisConfigurationFactory$$EnhancerBySpringCGLIB$$4e7df115 (35) [info] - Mybatis typeAliasesPackage=com.webank.wedatasphere.linkis.configuration.entity,com.webank.wedatasphere.linkis.jobhistory.entity,com.webank.wedatasphere.linkis.udf.entity,com.webank.wedatasphere.linkis.variable.entity,com.webank.wedatasphere.linkis.instance.label.entity,com.webank.wedatasphere.linkis.manager.entity,com.webank.wedatasphere.linkis.metadata.domain,com.webank.wedatasphere.linkis.bml.Entity
2021-10-11 11:22:12.415 [INFO ] [main                                    ] c.w.w.l.m.MybatisConfigurationFactory$$EnhancerBySpringCGLIB$$4e7df115 (35) [info] - Mybatis mapperLocations=classpath:com/webank/wedatasphere/linkis/jobhistory/dao/impl/*.xml,classpath:com/webank/wedatasphere/linkis/variable/dao/impl/*.xml,classpath:com/webank/wedatasphere/linkis/configuration/dao/impl/*.xml,classpath:com/webank/wedatasphere/linkis/udf/dao/impl/*.xml,classpath:com/webank/wedatasphere/linkis/instance/label/dao/impl/*.xml,classpath:com/webank/wedatasphere/linkis/metadata/hive/dao/impl/*.xml,com/webank/wedatasphere/linkis/metadata/dao/impl/*.xml,classpath:com/webank/wedatasphere/linkis/bml/dao/impl/*.xml
2021-10-11 11:22:12.416 [INFO ] [main                                    ] c.w.w.l.m.MybatisConfigurationFactory$$EnhancerBySpringCGLIB$$4e7df115 (35) [info] - Mybatis configLocation=classpath:/mybatis-config.xml
2021-10-11 11:22:14.826 [INFO ] [main                                    ] c.w.w.l.b.c.ScheduledTask (54) [init] - Schedule Task is init
2021-10-11 11:22:16.105 [INFO ] [main                                    ] o.r.Reflections (229) [scan] - Reflections took 812 ms to scan 33 urls, producing 537 keys and 6127 values 
2021-10-11 11:22:16.185 [INFO ] [main                                    ] c.w.w.l.m.l.b.f.LabelBuilderFactoryContext (80) [labelBuilderInitRegister] - Succeed  to register label builder: com.webank.wedatasphere.linkis.manager.label.builder.CombinedLabelBuilder
2021-10-11 11:22:16.923 [INFO ] [main                                    ] c.w.w.l.i.l.InsLabelAutoConfiguration (55) [insLabelServiceAdapter] - Discover instance label accessServices: [2]
2021-10-11 11:22:16.929 [INFO ] [main                                    ] c.w.w.l.i.l.InsLabelAutoConfiguration (60) [lambda$insLabelServiceAdapter$0] - Register instance label access service: DefaultInsLabelService$$EnhancerBySpringCGLIB$$b2f9db15 to service adapter
2021-10-11 11:22:16.931 [INFO ] [main                                    ] c.w.w.l.i.l.InsLabelAutoConfiguration (60) [lambda$insLabelServiceAdapter$0] - Register instance label access service: EurekaInsLabelService to service adapter
2021-10-11 11:22:17.038 [INFO ] [main                                    ] c.w.w.l.i.l.s.r.DefaultInsLabelRpcService (40) [info] - Use the default implement of rpc service: DefaultInsLabelRpcService
2021-10-11 11:22:17.327 [INFO ] [main                                    ] c.w.w.l.s.i.i.IOMethodInterceptorCreatorImpl (40) [info] - IOMethodInterceptorCreatorImpl finished init
2021-10-11 11:22:17.363 [INFO ] [main                                    ] c.w.w.l.o.e.c.EngineAsyncResponseCacheMap (40) [info] - Start cache map clear defaultScheduler
2021-10-11 11:22:17.367 [INFO ] [main                                    ] c.w.w.l.o.c.e.CodeExecTaskExecutorManager$ (40) [info] - Use com.webank.wedatasphere.linkis.orchestrator.computation.execute.DefaultCodeExecTaskExecutorManager to instance a new codeExecTaskExecutorManager.
2021-10-11 11:22:17.373 [INFO ] [main                                    ] c.w.w.l.o.c.m.EngineConnMonitor$ (40) [info] - Entrance engineStatusMonitor inited.
2021-10-11 11:22:18.004 [INFO ] [main                                    ] o.r.Reflections (229) [scan] - Reflections took 493 ms to scan 33 urls, producing 569 keys and 6563 values 
2021-10-11 11:22:18.040 [INFO ] [main                                    ] c.w.w.l.r.MessageRPCReceiveRestful (40) [info] - init all receiverChoosers in spring beans, list => List(com.webank.wedatasphere.linkis.configuration.receiver.ConfigurationReceiverChooser@267a8777, com.webank.wedatasphere.linkis.udf.api.rpc.UdfReceiverChooser@175c26ff, com.webank.wedatasphere.linkis.variable.receiver.VariableReceiverChooser@623bdc46, com.webank.wedatasphere.linkis.rpc.MessageReceiverChooser@411576c7, com.webank.wedatasphere.linkis.rpc.CommonReceiverChooser@6d6ddeb5)
2021-10-11 11:22:18.047 [INFO ] [main                                    ] c.w.w.l.r.MessageRPCReceiveRestful (40) [info] - init all receiverSenderBuilders in spring beans, list => List(com.webank.wedatasphere.linkis.rpc.CommonReceiverSenderBuilder@69346100)
2021-10-11 11:22:18.061 [INFO ] [main                                    ] c.w.w.l.r.MessageRPCReceiveRestful (40) [info] - init RPCReceiverListenerBus with queueSize 5000 and consumeThreadSize 400.
2021-10-11 11:22:18.064 [INFO ] [main                                    ] c.w.w.l.r.AsynRPCMessageBus (40) [info] - RPC-Receiver-Asyn-Thread-ListenerBus add a new listener => class com.webank.wedatasphere.linkis.rpc.RPCReceiveRestful$$anon$1
2021-10-11 11:22:18.068 [INFO ] [main                                    ] c.w.w.l.r.MessageRPCReceiveRestful (40) [info] - init all receiverChoosers in spring beans, list => List(com.webank.wedatasphere.linkis.configuration.receiver.ConfigurationReceiverChooser@267a8777, com.webank.wedatasphere.linkis.udf.api.rpc.UdfReceiverChooser@175c26ff, com.webank.wedatasphere.linkis.variable.receiver.VariableReceiverChooser@623bdc46, com.webank.wedatasphere.linkis.rpc.MessageReceiverChooser@411576c7, com.webank.wedatasphere.linkis.rpc.CommonReceiverChooser@38991781)
2021-10-11 11:22:18.072 [INFO ] [main                                    ] c.w.w.l.r.MessageRPCReceiveRestful (40) [info] - init all receiverSenderBuilders in spring beans, list => List(com.webank.wedatasphere.linkis.rpc.CommonReceiverSenderBuilder@2c8c42c)
2021-10-11 11:22:18.113 [INFO ] [main                                    ] c.w.w.l.r.RPCReceiveRestful (40) [info] - init all receiverChoosers in spring beans, list => List(com.webank.wedatasphere.linkis.configuration.receiver.ConfigurationReceiverChooser@267a8777, com.webank.wedatasphere.linkis.udf.api.rpc.UdfReceiverChooser@175c26ff, com.webank.wedatasphere.linkis.variable.receiver.VariableReceiverChooser@623bdc46, com.webank.wedatasphere.linkis.rpc.MessageReceiverChooser@411576c7, com.webank.wedatasphere.linkis.rpc.CommonReceiverChooser@1ebb36df)
2021-10-11 11:22:18.113 [INFO ] [main                                    ] c.w.w.l.r.RPCReceiveRestful (40) [info] - init all receiverSenderBuilders in spring beans, list => List(com.webank.wedatasphere.linkis.rpc.CommonReceiverSenderBuilder@1f4de96e)
2021-10-11 11:22:18.115 [INFO ] [main                                    ] c.w.w.l.r.RPCReceiveRestful (40) [info] - init RPCReceiverListenerBus with queueSize 5000 and consumeThreadSize 400.
2021-10-11 11:22:18.115 [INFO ] [main                                    ] c.w.w.l.r.AsynRPCMessageBus (40) [info] - RPC-Receiver-Asyn-Thread-ListenerBus add a new listener => class com.webank.wedatasphere.linkis.rpc.RPCReceiveRestful$$anon$1
2021-10-11 11:22:18.638 [INFO ] [main                                    ] o.s.c.n.e.InstanceInfoFactory (72) [create] - Setting initial instance status as: STARTING
2021-10-11 11:22:18.728 [INFO ] [main                                    ] c.n.d.DiscoveryClient (365) [<init>] - Initializing Eureka in region us-east-1
2021-10-11 11:22:18.907 [INFO ] [main                                    ] c.n.d.p.DiscoveryJerseyProvider (70) [<init>] - Using JSON encoding codec LegacyJacksonJson
2021-10-11 11:22:18.908 [INFO ] [main                                    ] c.n.d.p.DiscoveryJerseyProvider (71) [<init>] - Using JSON decoding codec LegacyJacksonJson
2021-10-11 11:22:19.363 [INFO ] [main                                    ] c.n.d.p.DiscoveryJerseyProvider (80) [<init>] - Using XML encoding codec XStreamXml
2021-10-11 11:22:19.365 [INFO ] [main                                    ] c.n.d.p.DiscoveryJerseyProvider (81) [<init>] - Using XML decoding codec XStreamXml
2021-10-11 11:22:20.816 [INFO ] [main                                    ] c.n.d.s.r.a.ConfigClusterResolver (43) [getClusterEndpoints] - Resolving eureka endpoints via configuration
2021-10-11 11:22:20.925 [INFO ] [main                                    ] c.n.d.DiscoveryClient (976) [fetchRegistry] - Disable delta property : false
2021-10-11 11:22:20.925 [INFO ] [main                                    ] c.n.d.DiscoveryClient (977) [fetchRegistry] - Single vip registry refresh property : null
2021-10-11 11:22:20.925 [INFO ] [main                                    ] c.n.d.DiscoveryClient (978) [fetchRegistry] - Force full registry fetch : false
2021-10-11 11:22:20.925 [INFO ] [main                                    ] c.n.d.DiscoveryClient (979) [fetchRegistry] - Application is null : false
2021-10-11 11:22:20.926 [INFO ] [main                                    ] c.n.d.DiscoveryClient (980) [fetchRegistry] - Registered Applications size is zero : true
2021-10-11 11:22:20.926 [INFO ] [main                                    ] c.n.d.DiscoveryClient (982) [fetchRegistry] - Application version is -1: true
2021-10-11 11:22:20.926 [INFO ] [main                                    ] c.n.d.DiscoveryClient (1065) [getAndStoreFullRegistry] - Getting all instance registry info from the eureka server
2021-10-11 11:22:21.424 [INFO ] [main                                    ] c.n.d.DiscoveryClient (1074) [getAndStoreFullRegistry] - The response status is 200
2021-10-11 11:22:21.430 [INFO ] [main                                    ] c.n.d.DiscoveryClient (1288) [initScheduledTasks] - Starting heartbeat executor: renew interval is: 30
2021-10-11 11:22:21.436 [INFO ] [main                                    ] c.n.d.InstanceInfoReplicator (60) [<init>] - InstanceInfoReplicator onDemand update allowed rate per min is 4
2021-10-11 11:22:21.444 [INFO ] [main                                    ] c.n.d.DiscoveryClient (465) [<init>] - Discovery Client initialized at timestamp 1633922541443 with initial instances count: 6
2021-10-11 11:22:22.438 [WARN ] [main                                    ] c.n.c.s.URLConfigurationSource (121) [<init>] - No URLs will be polled as dynamic configuration sources.
2021-10-11 11:22:22.439 [INFO ] [main                                    ] c.n.c.s.URLConfigurationSource (122) [<init>] - To enable URLs as dynamic configuration sources, define System property archaius.configurationSource.additionalUrls or make config.properties available on classpath.
2021-10-11 11:22:23.332 [INFO ] [main                                    ] o.s.s.c.ThreadPoolTaskExecutor (181) [initialize] - Initializing ExecutorService 'applicationTaskExecutor'
2021-10-11 11:22:24.616 [WARN ] [main                                    ] c.w.w.l.m.u.MessageUtils (43) [getBean] - can not get bean from spring ioc:com.webank.wedatasphere.linkis.orchestrator.ecm.service.impl.DefaultTaskExecutionReceiver
2021-10-11 11:22:24.658 [INFO ] [main                                    ] c.w.w.l.s.q.p.ParallelConsumerManager (40) [info] - The feature that auto clean up idle consumers for RpcMessageScheduler is enabled.
2021-10-11 11:22:25.666 [INFO ] [Linkis-Default-Scheduler-Thread-2       ] c.w.w.l.s.q.p.ParallelConsumerManager (40) [info] - Start to Clean up idle consumers 
2021-10-11 11:22:25.678 [INFO ] [Linkis-Default-Scheduler-Thread-2       ] c.w.w.l.s.q.p.ParallelConsumerManager (40) [info] - Finished to clean up idle consumers for RpcMessageScheduler, cost 11 ms.
2021-10-11 11:22:25.747 [WARN ] [main                                    ] o.s.c.l.c.BlockingLoadBalancerClientAutoConfiguration$BlockingLoadBalancerClientRibbonWarnLogger (86) [logWarning] - You already have RibbonLoadBalancerClient on your classpath. It will be used by default. As Spring Cloud Ribbon is in maintenance mode. We recommend switching to BlockingLoadBalancerClient instead. In order to use it, set the value of `spring.cloud.loadbalancer.ribbon.enabled` to `false` or remove spring-cloud-starter-netflix-ribbon from your project.
2021-10-11 11:22:26.235 [INFO ] [main                                    ] o.s.b.a.e.w.EndpointLinksResolver (58) [<init>] - Exposing 2 endpoint(s) beneath base path '/actuator'
2021-10-11 11:22:26.572 [INFO ] [main                                    ] o.s.c.n.e.s.EurekaServiceRegistry (41) [register] - Registering application LINKIS-PS-PUBLICSERVICE with eureka with status UP
2021-10-11 11:22:26.575 [INFO ] [main                                    ] c.n.d.DiscoveryClient (1323) [notify] - Saw local status change event StatusChangeEvent [timestamp=1633922546575, current=UP, previous=STARTING]
2021-10-11 11:22:26.592 [INFO ] [DiscoveryClient-InstanceInfoReplicator-0] c.n.d.DiscoveryClient (844) [register] - DiscoveryClient_LINKIS-PS-PUBLICSERVICE/10.18.58.173:linkis-ps-publicservice:9105: registering service...
2021-10-11 11:22:26.780 [INFO ] [main                                    ] o.e.j.s.h.C.application (2232) [log] - Initializing Spring DispatcherServlet 'dispatcherServlet'
2021-10-11 11:22:26.782 [INFO ] [main                                    ] o.s.w.s.DispatcherServlet (525) [initServletBean] - Initializing Servlet 'dispatcherServlet'
2021-10-11 11:22:26.822 [INFO ] [DiscoveryClient-InstanceInfoReplicator-0] c.n.d.DiscoveryClient (853) [register] - DiscoveryClient_LINKIS-PS-PUBLICSERVICE/10.18.58.173:linkis-ps-publicservice:9105 - registration status: 204
2021-10-11 11:22:26.860 [INFO ] [main                                    ] o.s.w.s.DispatcherServlet (547) [initServletBean] - Completed initialization in 78 ms
2021-10-11 11:22:27.012 [INFO ] [main                                    ] o.e.j.s.AbstractConnector (293) [doStart] - Started ServerConnector@4c79ca55{HTTP/1.1,[http/1.1]}{0.0.0.0:9105}
2021-10-11 11:22:27.025 [INFO ] [main                                    ] o.s.b.w.e.j.JettyWebServer (185) [start] - Jetty started on port(s) 9105 (http/1.1) with context path '/'
2021-10-11 11:22:27.038 [INFO ] [main                                    ] o.s.c.n.e.s.EurekaAutoServiceRegistration (145) [onApplicationEvent] - Updating port to 9105
2021-10-11 11:22:27.089 [INFO ] [main                                    ] c.w.w.l.r.c.RPCSpringConfiguration$$EnhancerBySpringCGLIB$$cdb8caae (40) [info] - DataWorkCloud RPC need register RPCReceiveRestful, now add it to configuration.
2021-10-11 11:22:27.090 [INFO ] [main                                    ] c.w.w.l.DataWorkCloudApplication (84) [onApplicationEvent] - add config from config server...
2021-10-11 11:22:27.090 [INFO ] [main                                    ] c.w.w.l.DataWorkCloudApplication (89) [onApplicationEvent] - initialize DataWorkCloud spring application...
2021-10-11 11:22:27.144 [INFO ] [main                                    ] c.w.w.l.DataWorkCloudApplication (61) [logStarted] - Started DataWorkCloudApplication in 28.933 seconds (JVM running for 32.395)
2021-10-11 11:22:39.808 [INFO ] [qtp1149801201-28                        ] c.w.w.l.s.r.RestfulApplication (40) [<init>] - register com.webank.wedatasphere.linkis.rpc.MessageRPCReceiveRestful$$EnhancerBySpringCGLIB$$ef1b331c
2021-10-11 11:22:39.817 [INFO ] [qtp1149801201-28                        ] c.w.w.l.s.r.RestfulApplication (46) [<init>] - packages com.webank.wedatasphere.linkis.jobhistory.restful,com.webank.wedatasphere.linkis.variable.restful,com.webank.wedatasphere.linkis.configuration.restful,com.webank.wedatasphere.linkis.udf.api,com.webank.wedatasphere.linkis.filesystem.restful,com.webank.wedatasphere.linkis.filesystem.restful,com.webank.wedatasphere.linkis.instance.label.restful,com.webank.wedatasphere.linkis.metadata.restful.api,com.webank.wedatasphere.linkis.cs.server.restful,com.webank.wedatasphere.linkis.bml.restful,com.webank.wedatasphere.linkis.errorcode.server.restful
2021-10-11 11:22:43.743 [WARN ] [qtp1149801201-28                        ] o.g.j.i.Errors (191) [logErrors] - The following warnings have been detected: HINT: A HTTP GET method, public void com.webank.wedatasphere.linkis.filesystem.restful.api.FsRestfulApi.resultsetToExcel(javax.servlet.http.HttpServletRequest,javax.servlet.http.HttpServletResponse,java.lang.String,java.lang.String,java.lang.String,java.lang.String,java.lang.String,java.lang.String,java.lang.String) throws com.webank.wedatasphere.linkis.filesystem.exception.WorkSpaceException,java.io.IOException, returns a void type. It can be intentional and perfectly fine, but it is a little uncommon that GET method returns always "204 No Content".
HINT: A HTTP GET method, public void com.webank.wedatasphere.linkis.filesystem.restful.api.FsRestfulApi.resultsetsToExcel(javax.servlet.http.HttpServletRequest,javax.servlet.http.HttpServletResponse,java.lang.String,java.lang.String,java.lang.String) throws com.webank.wedatasphere.linkis.filesystem.exception.WorkSpaceException,java.io.IOException, returns a void type. It can be intentional and perfectly fine, but it is a little uncommon that GET method returns always "204 No Content".

2021-10-11 11:22:44.621 [INFO ] [qtp1149801201-28                        ] c.w.w.l.e.s.s.i.LinkisErrorCodeServiceImpl (41) [getAllErrorCodes] - Begin to get all ErrorCodes in server
2021-10-11 11:23:09.947 [INFO ] [quartzScheduler_Worker-3                ] c.w.w.l.f.q.FSQuartz (40) [info] - closing fs...
2021-10-11 11:23:10.228 [INFO ] [qtp1149801201-23                        ] c.w.w.l.r.AsynRPCMessageBus (40) [info] - RPC-Sender-Asyn-Thread-ListenerBus add a new listener => class com.webank.wedatasphere.linkis.rpc.BaseRPCSender$$anon$1
2021-10-11 11:23:10.343 [INFO ] [parallelism_1ConsumerThread             ] c.w.w.l.s.q.f.FIFOUserConsumer (40) [info] - parallelism_1Consumer thread started!
2021-10-11 11:23:10.544 [INFO ] [message-executor_1                      ] c.w.w.l.i.l.s.r.DefaultInsLabelRpcService (40) [info] - Start to attach labels[ArrayBuffer([key: route, value: "cs_1_dev", str: cs_1_dev])] to instance[ServiceInstance(linkis-ps-cs, localhost:9108)]
2021-10-11 11:23:10.900 [INFO ] [message-executor_1                      ] c.w.w.l.i.l.s.i.DefaultInsLabelService (113) [attachLabelsToInstance] - Insert/Update service instance info: [ServiceInstance(linkis-ps-cs, localhost:9108)]
2021-10-11 11:23:11.397 [INFO ] [message-executor_1                      ] c.w.w.l.i.l.s.i.DefaultInsLabelService (116) [attachLabelsToInstance] - Build relation between labels: [1] and instance: [localhost:9108]
2021-10-11 11:23:11.477 [INFO ] [message-executor_1                      ] c.w.w.l.i.l.s.r.DefaultInsLabelRpcService (40) [info] - Success to attach labels[ArrayBuffer([key: route, value: "cs_1_dev", str: cs_1_dev])] to instance[ServiceInstance(linkis-ps-cs, localhost:9108)]
2021-10-11 11:24:10.053 [INFO ] [quartzScheduler_Worker-4                ] c.w.w.l.f.q.FSQuartz (40) [info] - closing fs...
2021-10-11 11:25:09.925 [INFO ] [quartzScheduler_Worker-5                ] c.w.w.l.f.q.FSQuartz (40) [info] - closing fs...
2021-10-11 11:26:09.948 [INFO ] [quartzScheduler_Worker-6                ] c.w.w.l.f.q.FSQuartz (40) [info] - closing fs...
2021-10-11 11:27:09.943 [INFO ] [quartzScheduler_Worker-7                ] c.w.w.l.f.q.FSQuartz (40) [info] - closing fs...
2021-10-11 11:27:20.977 [INFO ] [AsyncResolver-bootstrap-executor-0      ] c.n.d.s.r.a.ConfigClusterResolver (43) [getClusterEndpoints] - Resolving eureka endpoints via configuration
2021-10-11 11:28:09.942 [INFO ] [quartzScheduler_Worker-8                ] c.w.w.l.f.q.FSQuartz (40) [info] - closing fs...
2021-10-11 11:29:09.930 [INFO ] [quartzScheduler_Worker-9                ] c.w.w.l.f.q.FSQuartz (40) [info] - closing fs...
2021-10-11 11:30:09.998 [INFO ] [quartzScheduler_Worker-10               ] c.w.w.l.f.q.FSQuartz (40) [info] - closing fs...
2021-10-11 11:31:09.931 [INFO ] [quartzScheduler_Worker-1                ] c.w.w.l.f.q.FSQuartz (40) [info] - closing fs...
2021-10-11 11:32:10.060 [INFO ] [quartzScheduler_Worker-2                ] c.w.w.l.f.q.FSQuartz (40) [info] - closing fs...
2021-10-11 11:32:20.996 [INFO ] [AsyncResolver-bootstrap-executor-0      ] c.n.d.s.r.a.ConfigClusterResolver (43) [getClusterEndpoints] - Resolving eureka endpoints via configuration
2021-10-11 11:33:09.925 [INFO ] [quartzScheduler_Worker-3                ] c.w.w.l.f.q.FSQuartz (40) [info] - closing fs...
2021-10-11 11:34:09.920 [INFO ] [quartzScheduler_Worker-4                ] c.w.w.l.f.q.FSQuartz (40) [info] - closing fs...
2021-10-11 11:35:09.912 [INFO ] [quartzScheduler_Worker-5                ] c.w.w.l.f.q.FSQuartz (40) [info] - closing fs...
2021-10-11 11:36:09.916 [INFO ] [quartzScheduler_Worker-6                ] c.w.w.l.f.q.FSQuartz (40) [info] - closing fs...
2021-10-11 11:37:10.005 [INFO ] [quartzScheduler_Worker-7                ] c.w.w.l.f.q.FSQuartz (40) [info] - closing fs...
2021-10-11 11:37:21.020 [INFO ] [AsyncResolver-bootstrap-executor-0      ] c.n.d.s.r.a.ConfigClusterResolver (43) [getClusterEndpoints] - Resolving eureka endpoints via configuration
2021-10-11 11:38:09.912 [INFO ] [quartzScheduler_Worker-8                ] c.w.w.l.f.q.FSQuartz (40) [info] - closing fs...
2021-10-11 11:39:09.930 [INFO ] [quartzScheduler_Worker-9                ] c.w.w.l.f.q.FSQuartz (40) [info] - closing fs...
2021-10-11 11:40:09.949 [INFO ] [quartzScheduler_Worker-10               ] c.w.w.l.f.q.FSQuartz (40) [info] - closing fs...
2021-10-11 11:41:09.939 [INFO ] [quartzScheduler_Worker-1                ] c.w.w.l.f.q.FSQuartz (40) [info] - closing fs...
2021-10-11 11:42:09.922 [INFO ] [quartzScheduler_Worker-2                ] c.w.w.l.f.q.FSQuartz (40) [info] - closing fs...
2021-10-11 11:42:21.025 [INFO ] [AsyncResolver-bootstrap-executor-0      ] c.n.d.s.r.a.ConfigClusterResolver (43) [getClusterEndpoints] - Resolving eureka endpoints via configuration
2021-10-11 11:43:09.913 [INFO ] [quartzScheduler_Worker-3                ] c.w.w.l.f.q.FSQuartz (40) [info] - closing fs...
2021-10-11 11:44:09.915 [INFO ] [quartzScheduler_Worker-4                ] c.w.w.l.f.q.FSQuartz (40) [info] - closing fs...
2021-10-11 11:45:09.913 [INFO ] [quartzScheduler_Worker-5                ] c.w.w.l.f.q.FSQuartz (40) [info] - closing fs...
2021-10-11 11:46:09.911 [INFO ] [quartzScheduler_Worker-6                ] c.w.w.l.f.q.FSQuartz (40) [info] - closing fs...
2021-10-11 11:47:09.928 [INFO ] [quartzScheduler_Worker-7                ] c.w.w.l.f.q.FSQuartz (40) [info] - closing fs...
2021-10-11 11:47:21.034 [INFO ] [AsyncResolver-bootstrap-executor-0      ] c.n.d.s.r.a.ConfigClusterResolver (43) [getClusterEndpoints] - Resolving eureka endpoints via configuration
2021-10-11 11:48:09.925 [INFO ] [quartzScheduler_Worker-8                ] c.w.w.l.f.q.FSQuartz (40) [info] - closing fs...
2021-10-11 11:49:10.034 [INFO ] [quartzScheduler_Worker-9                ] c.w.w.l.f.q.FSQuartz (40) [info] - closing fs...
2021-10-11 11:50:10.083 [INFO ] [quartzScheduler_Worker-10               ] c.w.w.l.f.q.FSQuartz (40) [info] - closing fs...
2021-10-11 11:51:09.947 [INFO ] [quartzScheduler_Worker-1                ] c.w.w.l.f.q.FSQuartz (40) [info] - closing fs...
2021-10-11 11:52:09.945 [INFO ] [quartzScheduler_Worker-2                ] c.w.w.l.f.q.FSQuartz (40) [info] - closing fs...
2021-10-11 11:52:10.314 [INFO ] [quartzScheduler_Worker-3                ] c.w.w.l.j.c.i.ScheduledCleanJob (32) [executeInternal] - Started cache cleaning job.
2021-10-11 11:52:10.316 [INFO ] [quartzScheduler_Worker-3                ] c.w.w.l.j.c.i.ScheduledCleanJob (35) [executeInternal] - Finished cache cleaning job.
2021-10-11 11:52:21.083 [INFO ] [AsyncResolver-bootstrap-executor-0      ] c.n.d.s.r.a.ConfigClusterResolver (43) [getClusterEndpoints] - Resolving eureka endpoints via configuration
2021-10-11 12:09:09.946 [INFO ] [quartzScheduler_Worker-4                ] c.w.w.l.f.q.FSQuartz (40) [info] - closing fs...
2021-10-11 12:10:09.917 [INFO ] [quartzScheduler_Worker-5                ] c.w.w.l.f.q.FSQuartz (40) [info] - closing fs...
2021-10-11 12:11:09.923 [INFO ] [quartzScheduler_Worker-6                ] c.w.w.l.f.q.FSQuartz (40) [info] - closing fs...
2021-10-11 12:12:09.926 [INFO ] [quartzScheduler_Worker-7                ] c.w.w.l.f.q.FSQuartz (40) [info] - closing fs...
2021-10-11 12:12:42.955 [INFO ] [AsyncResolver-bootstrap-executor-0      ] c.n.d.s.r.a.ConfigClusterResolver (43) [getClusterEndpoints] - Resolving eureka endpoints via configuration
2021-10-11 12:13:09.922 [INFO ] [quartzScheduler_Worker-8                ] c.w.w.l.f.q.FSQuartz (40) [info] - closing fs...
2021-10-11 12:14:09.921 [INFO ] [quartzScheduler_Worker-9                ] c.w.w.l.f.q.FSQuartz (40) [info] - closing fs...
2021-10-11 12:15:09.911 [INFO ] [quartzScheduler_Worker-10               ] c.w.w.l.f.q.FSQuartz (40) [info] - closing fs...
2021-10-11 12:16:09.920 [INFO ] [quartzScheduler_Worker-1                ] c.w.w.l.f.q.FSQuartz (40) [info] - closing fs...
2021-10-11 12:17:09.912 [INFO ] [quartzScheduler_Worker-2                ] c.w.w.l.f.q.FSQuartz (40) [info] - closing fs...
2021-10-11 12:17:42.976 [INFO ] [AsyncResolver-bootstrap-executor-0      ] c.n.d.s.r.a.ConfigClusterResolver (43) [getClusterEndpoints] - Resolving eureka endpoints via configuration
2021-10-11 12:18:09.932 [INFO ] [quartzScheduler_Worker-3                ] c.w.w.l.f.q.FSQuartz (40) [info] - closing fs...
2021-10-11 12:19:09.936 [INFO ] [quartzScheduler_Worker-4                ] c.w.w.l.f.q.FSQuartz (40) [info] - closing fs...
2021-10-11 12:20:09.964 [INFO ] [quartzScheduler_Worker-5                ] c.w.w.l.f.q.FSQuartz (40) [info] - closing fs...
2021-10-11 12:21:09.921 [INFO ] [quartzScheduler_Worker-6                ] c.w.w.l.f.q.FSQuartz (40) [info] - closing fs...
2021-10-11 12:22:09.921 [INFO ] [quartzScheduler_Worker-7                ] c.w.w.l.f.q.FSQuartz (40) [info] - closing fs...
2021-10-11 12:22:10.056 [INFO ] [quartzScheduler_Worker-8                ] c.w.w.l.j.c.i.ScheduledCleanJob (32) [executeInternal] - Started cache cleaning job.
2021-10-11 12:22:10.057 [INFO ] [quartzScheduler_Worker-8                ] c.w.w.l.j.c.i.ScheduledCleanJob (35) [executeInternal] - Finished cache cleaning job.
2021-10-11 12:22:42.993 [INFO ] [AsyncResolver-bootstrap-executor-0      ] c.n.d.s.r.a.ConfigClusterResolver (43) [getClusterEndpoints] - Resolving eureka endpoints via configuration
2021-10-11 12:23:10.181 [INFO ] [quartzScheduler_Worker-9                ] c.w.w.l.f.q.FSQuartz (40) [info] - closing fs...
2021-10-11 12:24:09.966 [INFO ] [quartzScheduler_Worker-10               ] c.w.w.l.f.q.FSQuartz (40) [info] - closing fs...
2021-10-11 12:25:09.948 [INFO ] [quartzScheduler_Worker-1                ] c.w.w.l.f.q.FSQuartz (40) [info] - closing fs...
2021-10-11 12:26:09.918 [INFO ] [quartzScheduler_Worker-2                ] c.w.w.l.f.q.FSQuartz (40) [info] - closing fs...
2021-10-11 12:27:09.926 [INFO ] [quartzScheduler_Worker-3                ] c.w.w.l.f.q.FSQuartz (40) [info] - closing fs...
2021-10-11 12:27:43.007 [INFO ] [AsyncResolver-bootstrap-executor-0      ] c.n.d.s.r.a.ConfigClusterResolver (43) [getClusterEndpoints] - Resolving eureka endpoints via configuration
2021-10-11 12:28:09.920 [INFO ] [quartzScheduler_Worker-4                ] c.w.w.l.f.q.FSQuartz (40) [info] - closing fs...
2021-10-11 12:44:15.863 [INFO ] [quartzScheduler_Worker-5                ] c.w.w.l.f.q.FSQuartz (40) [info] - closing fs...
2021-10-11 12:45:09.932 [INFO ] [quartzScheduler_Worker-6                ] c.w.w.l.f.q.FSQuartz (40) [info] - closing fs...
2021-10-11 12:46:09.927 [INFO ] [quartzScheduler_Worker-7                ] c.w.w.l.f.q.FSQuartz (40) [info] - closing fs...
2021-10-11 12:47:09.935 [INFO ] [quartzScheduler_Worker-8                ] c.w.w.l.f.q.FSQuartz (40) [info] - closing fs...
2021-10-11 12:47:48.960 [INFO ] [AsyncResolver-bootstrap-executor-0      ] c.n.d.s.r.a.ConfigClusterResolver (43) [getClusterEndpoints] - Resolving eureka endpoints via configuration
2021-10-11 12:48:09.941 [INFO ] [quartzScheduler_Worker-9                ] c.w.w.l.f.q.FSQuartz (40) [info] - closing fs...
2021-10-11 12:49:09.931 [INFO ] [quartzScheduler_Worker-10               ] c.w.w.l.f.q.FSQuartz (40) [info] - closing fs...
2021-10-11 12:50:09.942 [INFO ] [quartzScheduler_Worker-1                ] c.w.w.l.f.q.FSQuartz (40) [info] - closing fs...
2021-10-11 12:51:09.930 [INFO ] [quartzScheduler_Worker-2                ] c.w.w.l.f.q.FSQuartz (40) [info] - closing fs...
2021-10-11 12:52:09.927 [INFO ] [quartzScheduler_Worker-3                ] c.w.w.l.f.q.FSQuartz (40) [info] - closing fs...
2021-10-11 12:52:10.053 [INFO ] [quartzScheduler_Worker-4                ] c.w.w.l.j.c.i.ScheduledCleanJob (32) [executeInternal] - Started cache cleaning job.
2021-10-11 12:52:10.054 [INFO ] [quartzScheduler_Worker-4                ] c.w.w.l.j.c.i.ScheduledCleanJob (35) [executeInternal] - Finished cache cleaning job.
2021-10-11 12:52:48.977 [INFO ] [AsyncResolver-bootstrap-executor-0      ] c.n.d.s.r.a.ConfigClusterResolver (43) [getClusterEndpoints] - Resolving eureka endpoints via configuration
2021-10-11 12:53:09.914 [INFO ] [quartzScheduler_Worker-5                ] c.w.w.l.f.q.FSQuartz (40) [info] - closing fs...
2021-10-11 12:54:09.916 [INFO ] [quartzScheduler_Worker-6                ] c.w.w.l.f.q.FSQuartz (40) [info] - closing fs...
2021-10-11 12:55:09.915 [INFO ] [quartzScheduler_Worker-7                ] c.w.w.l.f.q.FSQuartz (40) [info] - closing fs...
2021-10-11 12:56:09.918 [INFO ] [quartzScheduler_Worker-8                ] c.w.w.l.f.q.FSQuartz (40) [info] - closing fs...
2021-10-11 12:57:09.915 [INFO ] [quartzScheduler_Worker-9                ] c.w.w.l.f.q.FSQuartz (40) [info] - closing fs...
2021-10-11 12:57:48.991 [INFO ] [AsyncResolver-bootstrap-executor-0      ] c.n.d.s.r.a.ConfigClusterResolver (43) [getClusterEndpoints] - Resolving eureka endpoints via configuration
2021-10-11 12:58:09.913 [INFO ] [quartzScheduler_Worker-10               ] c.w.w.l.f.q.FSQuartz (40) [info] - closing fs...
2021-10-11 12:59:09.913 [INFO ] [quartzScheduler_Worker-1                ] c.w.w.l.f.q.FSQuartz (40) [info] - closing fs...
2021-10-11 13:00:09.916 [INFO ] [quartzScheduler_Worker-2                ] c.w.w.l.f.q.FSQuartz (40) [info] - closing fs...
2021-10-11 13:01:09.918 [INFO ] [quartzScheduler_Worker-3                ] c.w.w.l.f.q.FSQuartz (40) [info] - closing fs...
2021-10-11 13:02:09.920 [INFO ] [quartzScheduler_Worker-4                ] c.w.w.l.f.q.FSQuartz (40) [info] - closing fs...
2021-10-11 13:02:48.990 [INFO ] [AsyncResolver-bootstrap-executor-0      ] c.n.d.s.r.a.ConfigClusterResolver (43) [getClusterEndpoints] - Resolving eureka endpoints via configuration
2021-10-11 13:03:09.917 [INFO ] [quartzScheduler_Worker-5                ] c.w.w.l.f.q.FSQuartz (40) [info] - closing fs...
2021-10-11 13:04:09.918 [INFO ] [quartzScheduler_Worker-6                ] c.w.w.l.f.q.FSQuartz (40) [info] - closing fs...
2021-10-11 13:05:09.915 [INFO ] [quartzScheduler_Worker-7                ] c.w.w.l.f.q.FSQuartz (40) [info] - closing fs...
2021-10-11 13:06:09.913 [INFO ] [quartzScheduler_Worker-8                ] c.w.w.l.f.q.FSQuartz (40) [info] - closing fs...
2021-10-11 13:07:09.912 [INFO ] [quartzScheduler_Worker-9                ] c.w.w.l.f.q.FSQuartz (40) [info] - closing fs...
2021-10-11 13:07:48.996 [INFO ] [AsyncResolver-bootstrap-executor-0      ] c.n.d.s.r.a.ConfigClusterResolver (43) [getClusterEndpoints] - Resolving eureka endpoints via configuration
2021-10-11 13:08:09.915 [INFO ] [quartzScheduler_Worker-10               ] c.w.w.l.f.q.FSQuartz (40) [info] - closing fs...
2021-10-11 13:09:09.916 [INFO ] [quartzScheduler_Worker-1                ] c.w.w.l.f.q.FSQuartz (40) [info] - closing fs...
2021-10-11 13:10:09.916 [INFO ] [quartzScheduler_Worker-2                ] c.w.w.l.f.q.FSQuartz (40) [info] - closing fs...
2021-10-11 13:11:09.929 [INFO ] [quartzScheduler_Worker-3                ] c.w.w.l.f.q.FSQuartz (40) [info] - closing fs...
2021-10-11 13:12:09.923 [INFO ] [quartzScheduler_Worker-4                ] c.w.w.l.f.q.FSQuartz (40) [info] - closing fs...
2021-10-11 13:12:49.001 [INFO ] [AsyncResolver-bootstrap-executor-0      ] c.n.d.s.r.a.ConfigClusterResolver (43) [getClusterEndpoints] - Resolving eureka endpoints via configuration
2021-10-11 13:13:09.949 [INFO ] [quartzScheduler_Worker-5                ] c.w.w.l.f.q.FSQuartz (40) [info] - closing fs...
2021-10-11 13:14:09.919 [INFO ] [quartzScheduler_Worker-6                ] c.w.w.l.f.q.FSQuartz (40) [info] - closing fs...
2021-10-11 13:15:09.918 [INFO ] [quartzScheduler_Worker-7                ] c.w.w.l.f.q.FSQuartz (40) [info] - closing fs...
2021-10-11 13:16:09.918 [INFO ] [quartzScheduler_Worker-8                ] c.w.w.l.f.q.FSQuartz (40) [info] - closing fs...
2021-10-11 13:17:09.917 [INFO ] [quartzScheduler_Worker-9                ] c.w.w.l.f.q.FSQuartz (40) [info] - closing fs...
2021-10-11 13:17:49.029 [INFO ] [AsyncResolver-bootstrap-executor-0      ] c.n.d.s.r.a.ConfigClusterResolver (43) [getClusterEndpoints] - Resolving eureka endpoints via configuration
2021-10-11 13:18:09.921 [INFO ] [quartzScheduler_Worker-10               ] c.w.w.l.f.q.FSQuartz (40) [info] - closing fs...
2021-10-11 13:19:09.918 [INFO ] [quartzScheduler_Worker-1                ] c.w.w.l.f.q.FSQuartz (40) [info] - closing fs...
2021-10-11 13:20:09.922 [INFO ] [quartzScheduler_Worker-2                ] c.w.w.l.f.q.FSQuartz (40) [info] - closing fs...
2021-10-11 13:21:09.919 [INFO ] [quartzScheduler_Worker-3                ] c.w.w.l.f.q.FSQuartz (40) [info] - closing fs...
2021-10-11 13:22:09.914 [INFO ] [quartzScheduler_Worker-4                ] c.w.w.l.f.q.FSQuartz (40) [info] - closing fs...
2021-10-11 13:22:10.049 [INFO ] [quartzScheduler_Worker-5                ] c.w.w.l.j.c.i.ScheduledCleanJob (32) [executeInternal] - Started cache cleaning job.
2021-10-11 13:22:10.050 [INFO ] [quartzScheduler_Worker-5                ] c.w.w.l.j.c.i.ScheduledCleanJob (35) [executeInternal] - Finished cache cleaning job.
2021-10-11 13:22:49.028 [INFO ] [AsyncResolver-bootstrap-executor-0      ] c.n.d.s.r.a.ConfigClusterResolver (43) [getClusterEndpoints] - Resolving eureka endpoints via configuration
2021-10-11 13:23:09.917 [INFO ] [quartzScheduler_Worker-6                ] c.w.w.l.f.q.FSQuartz (40) [info] - closing fs...
2021-10-11 13:24:09.916 [INFO ] [quartzScheduler_Worker-7                ] c.w.w.l.f.q.FSQuartz (40) [info] - closing fs...
2021-10-11 13:25:09.922 [INFO ] [quartzScheduler_Worker-8                ] c.w.w.l.f.q.FSQuartz (40) [info] - closing fs...
2021-10-11 13:26:09.919 [INFO ] [quartzScheduler_Worker-9                ] c.w.w.l.f.q.FSQuartz (40) [info] - closing fs...
2021-10-11 13:27:09.918 [INFO ] [quartzScheduler_Worker-10               ] c.w.w.l.f.q.FSQuartz (40) [info] - closing fs...
2021-10-11 13:27:49.037 [INFO ] [AsyncResolver-bootstrap-executor-0      ] c.n.d.s.r.a.ConfigClusterResolver (43) [getClusterEndpoints] - Resolving eureka endpoints via configuration
2021-10-11 13:28:09.920 [INFO ] [quartzScheduler_Worker-1                ] c.w.w.l.f.q.FSQuartz (40) [info] - closing fs...
2021-10-11 13:29:09.917 [INFO ] [quartzScheduler_Worker-2                ] c.w.w.l.f.q.FSQuartz (40) [info] - closing fs...
2021-10-11 13:30:09.918 [INFO ] [quartzScheduler_Worker-3                ] c.w.w.l.f.q.FSQuartz (40) [info] - closing fs...
2021-10-11 13:31:09.918 [INFO ] [quartzScheduler_Worker-4                ] c.w.w.l.f.q.FSQuartz (40) [info] - closing fs...
2021-10-11 13:32:09.955 [INFO ] [quartzScheduler_Worker-5                ] c.w.w.l.f.q.FSQuartz (40) [info] - closing fs...
2021-10-11 13:32:17.386 [INFO ] [qtp1149801201-22                        ] c.w.w.l.e.s.s.i.LinkisErrorCodeServiceImpl (41) [getAllErrorCodes] - Begin to get all ErrorCodes in server
2021-10-11 13:32:49.054 [INFO ] [AsyncResolver-bootstrap-executor-0      ] c.n.d.s.r.a.ConfigClusterResolver (43) [getClusterEndpoints] - Resolving eureka endpoints via configuration
2021-10-11 13:33:09.986 [INFO ] [quartzScheduler_Worker-6                ] c.w.w.l.f.q.FSQuartz (40) [info] - closing fs...
2021-10-11 13:34:09.914 [INFO ] [quartzScheduler_Worker-7                ] c.w.w.l.f.q.FSQuartz (40) [info] - closing fs...
2021-10-11 13:35:09.918 [INFO ] [quartzScheduler_Worker-8                ] c.w.w.l.f.q.FSQuartz (40) [info] - closing fs...
2021-10-11 13:36:09.914 [INFO ] [quartzScheduler_Worker-9                ] c.w.w.l.f.q.FSQuartz (40) [info] - closing fs...
2021-10-11 13:37:09.922 [INFO ] [quartzScheduler_Worker-10               ] c.w.w.l.f.q.FSQuartz (40) [info] - closing fs...
2021-10-11 13:37:49.084 [INFO ] [AsyncResolver-bootstrap-executor-0      ] c.n.d.s.r.a.ConfigClusterResolver (43) [getClusterEndpoints] - Resolving eureka endpoints via configuration
2021-10-11 13:38:09.916 [INFO ] [quartzScheduler_Worker-1                ] c.w.w.l.f.q.FSQuartz (40) [info] - closing fs...
2021-10-11 13:39:09.914 [INFO ] [quartzScheduler_Worker-2                ] c.w.w.l.f.q.FSQuartz (40) [info] - closing fs...
2021-10-11 13:40:09.919 [INFO ] [quartzScheduler_Worker-3                ] c.w.w.l.f.q.FSQuartz (40) [info] - closing fs...
2021-10-11 13:41:09.916 [INFO ] [quartzScheduler_Worker-4                ] c.w.w.l.f.q.FSQuartz (40) [info] - closing fs...
2021-10-11 13:42:09.918 [INFO ] [quartzScheduler_Worker-5                ] c.w.w.l.f.q.FSQuartz (40) [info] - closing fs...
2021-10-11 13:42:49.095 [INFO ] [AsyncResolver-bootstrap-executor-0      ] c.n.d.s.r.a.ConfigClusterResolver (43) [getClusterEndpoints] - Resolving eureka endpoints via configuration
2021-10-11 13:43:09.922 [INFO ] [quartzScheduler_Worker-6                ] c.w.w.l.f.q.FSQuartz (40) [info] - closing fs...
2021-10-11 13:44:09.924 [INFO ] [quartzScheduler_Worker-7                ] c.w.w.l.f.q.FSQuartz (40) [info] - closing fs...
2021-10-11 13:45:09.916 [INFO ] [quartzScheduler_Worker-8                ] c.w.w.l.f.q.FSQuartz (40) [info] - closing fs...
2021-10-11 13:46:09.920 [INFO ] [quartzScheduler_Worker-9                ] c.w.w.l.f.q.FSQuartz (40) [info] - closing fs...
2021-10-11 13:47:09.916 [INFO ] [quartzScheduler_Worker-10               ] c.w.w.l.f.q.FSQuartz (40) [info] - closing fs...
2021-10-11 13:47:49.104 [INFO ] [AsyncResolver-bootstrap-executor-0      ] c.n.d.s.r.a.ConfigClusterResolver (43) [getClusterEndpoints] - Resolving eureka endpoints via configuration
2021-10-11 13:48:09.922 [INFO ] [quartzScheduler_Worker-1                ] c.w.w.l.f.q.FSQuartz (40) [info] - closing fs...
2021-10-11 13:49:09.919 [INFO ] [quartzScheduler_Worker-2                ] c.w.w.l.f.q.FSQuartz (40) [info] - closing fs...
2021-10-11 13:50:09.934 [INFO ] [quartzScheduler_Worker-3                ] c.w.w.l.f.q.FSQuartz (40) [info] - closing fs...
2021-10-11 13:51:09.948 [INFO ] [quartzScheduler_Worker-4                ] c.w.w.l.f.q.FSQuartz (40) [info] - closing fs...
2021-10-11 13:52:09.953 [INFO ] [quartzScheduler_Worker-5                ] c.w.w.l.f.q.FSQuartz (40) [info] - closing fs...
2021-10-11 13:52:10.071 [INFO ] [quartzScheduler_Worker-6                ] c.w.w.l.j.c.i.ScheduledCleanJob (32) [executeInternal] - Started cache cleaning job.
2021-10-11 13:52:10.079 [INFO ] [quartzScheduler_Worker-6                ] c.w.w.l.j.c.i.ScheduledCleanJob (35) [executeInternal] - Finished cache cleaning job.
2021-10-11 13:52:49.113 [INFO ] [AsyncResolver-bootstrap-executor-0      ] c.n.d.s.r.a.ConfigClusterResolver (43) [getClusterEndpoints] - Resolving eureka endpoints via configuration
2021-10-11 13:53:09.941 [INFO ] [quartzScheduler_Worker-7                ] c.w.w.l.f.q.FSQuartz (40) [info] - closing fs...
2021-10-11 13:54:09.931 [INFO ] [quartzScheduler_Worker-8                ] c.w.w.l.f.q.FSQuartz (40) [info] - closing fs...
2021-10-11 13:55:09.912 [INFO ] [quartzScheduler_Worker-9                ] c.w.w.l.f.q.FSQuartz (40) [info] - closing fs...
2021-10-11 13:56:09.913 [INFO ] [quartzScheduler_Worker-10               ] c.w.w.l.f.q.FSQuartz (40) [info] - closing fs...
2021-10-11 13:57:09.914 [INFO ] [quartzScheduler_Worker-1                ] c.w.w.l.f.q.FSQuartz (40) [info] - closing fs...
2021-10-11 13:57:49.122 [INFO ] [AsyncResolver-bootstrap-executor-0      ] c.n.d.s.r.a.ConfigClusterResolver (43) [getClusterEndpoints] - Resolving eureka endpoints via configuration
2021-10-11 13:58:09.927 [INFO ] [quartzScheduler_Worker-2                ] c.w.w.l.f.q.FSQuartz (40) [info] - closing fs...
2021-10-11 13:58:45.711 [INFO ] [qtp1149801201-22                        ] c.w.w.l.e.s.s.i.LinkisErrorCodeServiceImpl (41) [getAllErrorCodes] - Begin to get all ErrorCodes in server
2021-10-11 13:59:09.913 [INFO ] [quartzScheduler_Worker-3                ] c.w.w.l.f.q.FSQuartz (40) [info] - closing fs...
2021-10-11 14:00:09.914 [INFO ] [quartzScheduler_Worker-4                ] c.w.w.l.f.q.FSQuartz (40) [info] - closing fs...
2021-10-11 14:01:09.953 [INFO ] [quartzScheduler_Worker-5                ] c.w.w.l.f.q.FSQuartz (40) [info] - closing fs...
2021-10-11 14:02:09.916 [INFO ] [quartzScheduler_Worker-6                ] c.w.w.l.f.q.FSQuartz (40) [info] - closing fs...
2021-10-11 14:02:49.151 [INFO ] [AsyncResolver-bootstrap-executor-0      ] c.n.d.s.r.a.ConfigClusterResolver (43) [getClusterEndpoints] - Resolving eureka endpoints via configuration
2021-10-11 14:03:09.915 [INFO ] [quartzScheduler_Worker-7                ] c.w.w.l.f.q.FSQuartz (40) [info] - closing fs...
2021-10-11 14:04:09.924 [INFO ] [quartzScheduler_Worker-8                ] c.w.w.l.f.q.FSQuartz (40) [info] - closing fs...
2021-10-11 14:05:09.916 [INFO ] [quartzScheduler_Worker-9                ] c.w.w.l.f.q.FSQuartz (40) [info] - closing fs...
2021-10-11 14:06:09.919 [INFO ] [quartzScheduler_Worker-10               ] c.w.w.l.f.q.FSQuartz (40) [info] - closing fs...
2021-10-11 14:07:09.919 [INFO ] [quartzScheduler_Worker-1                ] c.w.w.l.f.q.FSQuartz (40) [info] - closing fs...
2021-10-11 14:07:49.161 [INFO ] [AsyncResolver-bootstrap-executor-0      ] c.n.d.s.r.a.ConfigClusterResolver (43) [getClusterEndpoints] - Resolving eureka endpoints via configuration
2021-10-11 14:08:09.917 [INFO ] [quartzScheduler_Worker-2                ] c.w.w.l.f.q.FSQuartz (40) [info] - closing fs...
2021-10-11 14:09:09.916 [INFO ] [quartzScheduler_Worker-3                ] c.w.w.l.f.q.FSQuartz (40) [info] - closing fs...
2021-10-11 14:10:09.912 [INFO ] [quartzScheduler_Worker-4                ] c.w.w.l.f.q.FSQuartz (40) [info] - closing fs...
2021-10-11 14:11:09.916 [INFO ] [quartzScheduler_Worker-5                ] c.w.w.l.f.q.FSQuartz (40) [info] - closing fs...
2021-10-11 14:12:09.918 [INFO ] [quartzScheduler_Worker-6                ] c.w.w.l.f.q.FSQuartz (40) [info] - closing fs...
2021-10-11 14:12:49.165 [INFO ] [AsyncResolver-bootstrap-executor-0      ] c.n.d.s.r.a.ConfigClusterResolver (43) [getClusterEndpoints] - Resolving eureka endpoints via configuration
2021-10-11 14:13:09.915 [INFO ] [quartzScheduler_Worker-7                ] c.w.w.l.f.q.FSQuartz (40) [info] - closing fs...
2021-10-11 14:14:09.915 [INFO ] [quartzScheduler_Worker-8                ] c.w.w.l.f.q.FSQuartz (40) [info] - closing fs...
2021-10-11 14:15:09.913 [INFO ] [quartzScheduler_Worker-9                ] c.w.w.l.f.q.FSQuartz (40) [info] - closing fs...
2021-10-11 14:16:09.919 [INFO ] [quartzScheduler_Worker-10               ] c.w.w.l.f.q.FSQuartz (40) [info] - closing fs...
2021-10-11 14:17:09.913 [INFO ] [quartzScheduler_Worker-1                ] c.w.w.l.f.q.FSQuartz (40) [info] - closing fs...
2021-10-11 14:17:49.169 [INFO ] [AsyncResolver-bootstrap-executor-0      ] c.n.d.s.r.a.ConfigClusterResolver (43) [getClusterEndpoints] - Resolving eureka endpoints via configuration
2021-10-11 14:18:09.917 [INFO ] [quartzScheduler_Worker-2                ] c.w.w.l.f.q.FSQuartz (40) [info] - closing fs...
2021-10-11 14:19:09.914 [INFO ] [quartzScheduler_Worker-3                ] c.w.w.l.f.q.FSQuartz (40) [info] - closing fs...
2021-10-11 14:20:09.920 [INFO ] [quartzScheduler_Worker-4                ] c.w.w.l.f.q.FSQuartz (40) [info] - closing fs...
2021-10-11 14:21:09.928 [INFO ] [quartzScheduler_Worker-5                ] c.w.w.l.f.q.FSQuartz (40) [info] - closing fs...
2021-10-11 14:22:09.925 [INFO ] [quartzScheduler_Worker-6                ] c.w.w.l.f.q.FSQuartz (40) [info] - closing fs...
2021-10-11 14:22:10.063 [INFO ] [quartzScheduler_Worker-7                ] c.w.w.l.j.c.i.ScheduledCleanJob (32) [executeInternal] - Started cache cleaning job.
2021-10-11 14:22:10.065 [INFO ] [quartzScheduler_Worker-7                ] c.w.w.l.j.c.i.ScheduledCleanJob (35) [executeInternal] - Finished cache cleaning job.
2021-10-11 14:22:49.170 [INFO ] [AsyncResolver-bootstrap-executor-0      ] c.n.d.s.r.a.ConfigClusterResolver (43) [getClusterEndpoints] - Resolving eureka endpoints via configuration
2021-10-11 14:23:09.915 [INFO ] [quartzScheduler_Worker-8                ] c.w.w.l.f.q.FSQuartz (40) [info] - closing fs...
2021-10-11 14:24:09.912 [INFO ] [quartzScheduler_Worker-9                ] c.w.w.l.f.q.FSQuartz (40) [info] - closing fs...
2021-10-11 14:25:09.923 [INFO ] [quartzScheduler_Worker-10               ] c.w.w.l.f.q.FSQuartz (40) [info] - closing fs...
2021-10-11 14:26:09.922 [INFO ] [quartzScheduler_Worker-1                ] c.w.w.l.f.q.FSQuartz (40) [info] - closing fs...
2021-10-11 14:27:09.913 [INFO ] [quartzScheduler_Worker-2                ] c.w.w.l.f.q.FSQuartz (40) [info] - closing fs...
2021-10-11 14:27:49.177 [INFO ] [AsyncResolver-bootstrap-executor-0      ] c.n.d.s.r.a.ConfigClusterResolver (43) [getClusterEndpoints] - Resolving eureka endpoints via configuration
2021-10-11 14:28:09.962 [INFO ] [quartzScheduler_Worker-3                ] c.w.w.l.f.q.FSQuartz (40) [info] - closing fs...
2021-10-11 14:29:09.936 [INFO ] [quartzScheduler_Worker-4                ] c.w.w.l.f.q.FSQuartz (40) [info] - closing fs...
2021-10-11 14:30:09.916 [INFO ] [quartzScheduler_Worker-5                ] c.w.w.l.f.q.FSQuartz (40) [info] - closing fs...
2021-10-11 14:31:09.915 [INFO ] [quartzScheduler_Worker-6                ] c.w.w.l.f.q.FSQuartz (40) [info] - closing fs...
2021-10-11 14:32:09.918 [INFO ] [quartzScheduler_Worker-7                ] c.w.w.l.f.q.FSQuartz (40) [info] - closing fs...
2021-10-11 14:32:49.187 [INFO ] [AsyncResolver-bootstrap-executor-0      ] c.n.d.s.r.a.ConfigClusterResolver (43) [getClusterEndpoints] - Resolving eureka endpoints via configuration
2021-10-11 14:33:09.917 [INFO ] [quartzScheduler_Worker-8                ] c.w.w.l.f.q.FSQuartz (40) [info] - closing fs...
2021-10-11 14:34:09.912 [INFO ] [quartzScheduler_Worker-9                ] c.w.w.l.f.q.FSQuartz (40) [info] - closing fs...
2021-10-11 14:35:09.915 [INFO ] [quartzScheduler_Worker-10               ] c.w.w.l.f.q.FSQuartz (40) [info] - closing fs...
2021-10-11 14:36:09.914 [INFO ] [quartzScheduler_Worker-1                ] c.w.w.l.f.q.FSQuartz (40) [info] - closing fs...
2021-10-11 14:37:09.932 [INFO ] [quartzScheduler_Worker-2                ] c.w.w.l.f.q.FSQuartz (40) [info] - closing fs...
2021-10-11 14:37:49.198 [INFO ] [AsyncResolver-bootstrap-executor-0      ] c.n.d.s.r.a.ConfigClusterResolver (43) [getClusterEndpoints] - Resolving eureka endpoints via configuration
2021-10-11 14:38:09.923 [INFO ] [quartzScheduler_Worker-3                ] c.w.w.l.f.q.FSQuartz (40) [info] - closing fs...
2021-10-11 14:39:09.923 [INFO ] [quartzScheduler_Worker-4                ] c.w.w.l.f.q.FSQuartz (40) [info] - closing fs...
2021-10-11 14:40:09.917 [INFO ] [quartzScheduler_Worker-5                ] c.w.w.l.f.q.FSQuartz (40) [info] - closing fs...
2021-10-11 14:41:09.923 [INFO ] [quartzScheduler_Worker-6                ] c.w.w.l.f.q.FSQuartz (40) [info] - closing fs...
2021-10-11 14:42:09.921 [INFO ] [quartzScheduler_Worker-7                ] c.w.w.l.f.q.FSQuartz (40) [info] - closing fs...
2021-10-11 14:50:40.806 [INFO ] [AsyncResolver-bootstrap-executor-0      ] c.n.d.s.r.a.ConfigClusterResolver (43) [getClusterEndpoints] - Resolving eureka endpoints via configuration
2021-10-11 14:50:50.384 [INFO ] [DiscoveryClient-HeartbeatExecutor-0     ] c.n.d.DiscoveryClient (868) [renew] - DiscoveryClient_LINKIS-PS-PUBLICSERVICE/10.18.58.173:linkis-ps-publicservice:9105 - Re-registering apps/LINKIS-PS-PUBLICSERVICE
2021-10-11 14:50:50.400 [INFO ] [DiscoveryClient-HeartbeatExecutor-0     ] c.n.d.DiscoveryClient (844) [register] - DiscoveryClient_LINKIS-PS-PUBLICSERVICE/10.18.58.173:linkis-ps-publicservice:9105: registering service...
2021-10-11 14:50:50.466 [INFO ] [DiscoveryClient-HeartbeatExecutor-0     ] c.n.d.DiscoveryClient (853) [register] - DiscoveryClient_LINKIS-PS-PUBLICSERVICE/10.18.58.173:linkis-ps-publicservice:9105 - registration status: 204
2021-10-11 14:51:09.915 [INFO ] [quartzScheduler_Worker-8                ] c.w.w.l.f.q.FSQuartz (40) [info] - closing fs...
2021-10-11 14:52:09.921 [INFO ] [quartzScheduler_Worker-9                ] c.w.w.l.f.q.FSQuartz (40) [info] - closing fs...
2021-10-11 14:52:10.059 [INFO ] [quartzScheduler_Worker-10               ] c.w.w.l.j.c.i.ScheduledCleanJob (32) [executeInternal] - Started cache cleaning job.
2021-10-11 14:52:10.061 [INFO ] [quartzScheduler_Worker-10               ] c.w.w.l.j.c.i.ScheduledCleanJob (35) [executeInternal] - Finished cache cleaning job.
2021-10-11 14:53:09.931 [INFO ] [quartzScheduler_Worker-1                ] c.w.w.l.f.q.FSQuartz (40) [info] - closing fs...
2021-10-11 14:54:09.930 [INFO ] [quartzScheduler_Worker-2                ] c.w.w.l.f.q.FSQuartz (40) [info] - closing fs...
2021-10-11 14:55:09.923 [INFO ] [quartzScheduler_Worker-3                ] c.w.w.l.f.q.FSQuartz (40) [info] - closing fs...
2021-10-11 14:55:40.809 [INFO ] [AsyncResolver-bootstrap-executor-0      ] c.n.d.s.r.a.ConfigClusterResolver (43) [getClusterEndpoints] - Resolving eureka endpoints via configuration
2021-10-11 14:56:09.919 [INFO ] [quartzScheduler_Worker-4                ] c.w.w.l.f.q.FSQuartz (40) [info] - closing fs...
2021-10-11 14:57:09.933 [INFO ] [quartzScheduler_Worker-5                ] c.w.w.l.f.q.FSQuartz (40) [info] - closing fs...
2021-10-11 14:58:09.927 [INFO ] [quartzScheduler_Worker-6                ] c.w.w.l.f.q.FSQuartz (40) [info] - closing fs...
2021-10-11 14:59:09.917 [INFO ] [quartzScheduler_Worker-7                ] c.w.w.l.f.q.FSQuartz (40) [info] - closing fs...
2021-10-11 15:00:09.936 [INFO ] [quartzScheduler_Worker-8                ] c.w.w.l.f.q.FSQuartz (40) [info] - closing fs...
2021-10-11 15:00:40.820 [INFO ] [AsyncResolver-bootstrap-executor-0      ] c.n.d.s.r.a.ConfigClusterResolver (43) [getClusterEndpoints] - Resolving eureka endpoints via configuration
2021-10-11 15:01:09.917 [INFO ] [quartzScheduler_Worker-9                ] c.w.w.l.f.q.FSQuartz (40) [info] - closing fs...
2021-10-11 15:02:09.915 [INFO ] [quartzScheduler_Worker-10               ] c.w.w.l.f.q.FSQuartz (40) [info] - closing fs...
2021-10-11 15:03:09.913 [INFO ] [quartzScheduler_Worker-1                ] c.w.w.l.f.q.FSQuartz (40) [info] - closing fs...
2021-10-11 15:04:09.919 [INFO ] [quartzScheduler_Worker-2                ] c.w.w.l.f.q.FSQuartz (40) [info] - closing fs...
2021-10-11 15:05:09.925 [INFO ] [quartzScheduler_Worker-3                ] c.w.w.l.f.q.FSQuartz (40) [info] - closing fs...
2021-10-11 15:05:40.829 [INFO ] [AsyncResolver-bootstrap-executor-0      ] c.n.d.s.r.a.ConfigClusterResolver (43) [getClusterEndpoints] - Resolving eureka endpoints via configuration
2021-10-11 15:05:54.160 [INFO ] [qtp1149801201-22                        ] c.w.w.l.e.s.s.i.LinkisErrorCodeServiceImpl (41) [getAllErrorCodes] - Begin to get all ErrorCodes in server
2021-10-11 15:06:09.913 [INFO ] [quartzScheduler_Worker-4                ] c.w.w.l.f.q.FSQuartz (40) [info] - closing fs...
2021-10-11 15:07:09.912 [INFO ] [quartzScheduler_Worker-5                ] c.w.w.l.f.q.FSQuartz (40) [info] - closing fs...
2021-10-11 15:08:09.915 [INFO ] [quartzScheduler_Worker-6                ] c.w.w.l.f.q.FSQuartz (40) [info] - closing fs...
2021-10-11 15:09:09.916 [INFO ] [quartzScheduler_Worker-7                ] c.w.w.l.f.q.FSQuartz (40) [info] - closing fs...
2021-10-11 15:10:09.910 [INFO ] [quartzScheduler_Worker-8                ] c.w.w.l.f.q.FSQuartz (40) [info] - closing fs...
2021-10-11 15:10:40.831 [INFO ] [AsyncResolver-bootstrap-executor-0      ] c.n.d.s.r.a.ConfigClusterResolver (43) [getClusterEndpoints] - Resolving eureka endpoints via configuration
2021-10-11 15:11:09.911 [INFO ] [quartzScheduler_Worker-9                ] c.w.w.l.f.q.FSQuartz (40) [info] - closing fs...
2021-10-11 15:12:09.914 [INFO ] [quartzScheduler_Worker-10               ] c.w.w.l.f.q.FSQuartz (40) [info] - closing fs...
2021-10-11 15:13:09.915 [INFO ] [quartzScheduler_Worker-1                ] c.w.w.l.f.q.FSQuartz (40) [info] - closing fs...
2021-10-11 15:14:09.918 [INFO ] [quartzScheduler_Worker-2                ] c.w.w.l.f.q.FSQuartz (40) [info] - closing fs...
2021-10-11 15:15:09.922 [INFO ] [quartzScheduler_Worker-3                ] c.w.w.l.f.q.FSQuartz (40) [info] - closing fs...
2021-10-11 15:15:40.838 [INFO ] [AsyncResolver-bootstrap-executor-0      ] c.n.d.s.r.a.ConfigClusterResolver (43) [getClusterEndpoints] - Resolving eureka endpoints via configuration
2021-10-11 15:16:09.917 [INFO ] [quartzScheduler_Worker-4                ] c.w.w.l.f.q.FSQuartz (40) [info] - closing fs...
2021-10-11 15:17:09.915 [INFO ] [quartzScheduler_Worker-5                ] c.w.w.l.f.q.FSQuartz (40) [info] - closing fs...
2021-10-11 15:18:09.912 [INFO ] [quartzScheduler_Worker-6                ] c.w.w.l.f.q.FSQuartz (40) [info] - closing fs...
2021-10-11 15:19:09.911 [INFO ] [quartzScheduler_Worker-7                ] c.w.w.l.f.q.FSQuartz (40) [info] - closing fs...
2021-10-11 15:20:09.942 [INFO ] [quartzScheduler_Worker-8                ] c.w.w.l.f.q.FSQuartz (40) [info] - closing fs...
2021-10-11 15:20:40.840 [INFO ] [AsyncResolver-bootstrap-executor-0      ] c.n.d.s.r.a.ConfigClusterResolver (43) [getClusterEndpoints] - Resolving eureka endpoints via configuration
2021-10-11 15:21:09.911 [INFO ] [quartzScheduler_Worker-9                ] c.w.w.l.f.q.FSQuartz (40) [info] - closing fs...
2021-10-11 15:22:09.913 [INFO ] [quartzScheduler_Worker-10               ] c.w.w.l.f.q.FSQuartz (40) [info] - closing fs...
2021-10-11 15:22:10.046 [INFO ] [quartzScheduler_Worker-1                ] c.w.w.l.j.c.i.ScheduledCleanJob (32) [executeInternal] - Started cache cleaning job.
2021-10-11 15:22:10.050 [INFO ] [quartzScheduler_Worker-1                ] c.w.w.l.j.c.i.ScheduledCleanJob (35) [executeInternal] - Finished cache cleaning job.
2021-10-11 15:23:09.916 [INFO ] [quartzScheduler_Worker-2                ] c.w.w.l.f.q.FSQuartz (40) [info] - closing fs...
2021-10-11 15:24:09.915 [INFO ] [quartzScheduler_Worker-3                ] c.w.w.l.f.q.FSQuartz (40) [info] - closing fs...
2021-10-11 15:25:09.923 [INFO ] [quartzScheduler_Worker-4                ] c.w.w.l.f.q.FSQuartz (40) [info] - closing fs...
2021-10-11 15:25:40.849 [INFO ] [AsyncResolver-bootstrap-executor-0      ] c.n.d.s.r.a.ConfigClusterResolver (43) [getClusterEndpoints] - Resolving eureka endpoints via configuration
2021-10-11 15:26:09.922 [INFO ] [quartzScheduler_Worker-5                ] c.w.w.l.f.q.FSQuartz (40) [info] - closing fs...
2021-10-11 15:27:09.937 [INFO ] [quartzScheduler_Worker-6                ] c.w.w.l.f.q.FSQuartz (40) [info] - closing fs...
2021-10-11 15:28:09.925 [INFO ] [quartzScheduler_Worker-7                ] c.w.w.l.f.q.FSQuartz (40) [info] - closing fs...
2021-10-11 15:29:09.933 [INFO ] [quartzScheduler_Worker-8                ] c.w.w.l.f.q.FSQuartz (40) [info] - closing fs...
2021-10-11 15:30:09.916 [INFO ] [quartzScheduler_Worker-9                ] c.w.w.l.f.q.FSQuartz (40) [info] - closing fs...
2021-10-11 15:30:40.855 [INFO ] [AsyncResolver-bootstrap-executor-0      ] c.n.d.s.r.a.ConfigClusterResolver (43) [getClusterEndpoints] - Resolving eureka endpoints via configuration
2021-10-11 15:31:09.929 [INFO ] [quartzScheduler_Worker-10               ] c.w.w.l.f.q.FSQuartz (40) [info] - closing fs...
2021-10-11 15:32:09.918 [INFO ] [quartzScheduler_Worker-1                ] c.w.w.l.f.q.FSQuartz (40) [info] - closing fs...
2021-10-11 15:33:09.916 [INFO ] [quartzScheduler_Worker-2                ] c.w.w.l.f.q.FSQuartz (40) [info] - closing fs...
2021-10-11 15:34:09.916 [INFO ] [quartzScheduler_Worker-3                ] c.w.w.l.f.q.FSQuartz (40) [info] - closing fs...
2021-10-11 15:35:09.915 [INFO ] [quartzScheduler_Worker-4                ] c.w.w.l.f.q.FSQuartz (40) [info] - closing fs...
2021-10-11 15:35:40.861 [INFO ] [AsyncResolver-bootstrap-executor-0      ] c.n.d.s.r.a.ConfigClusterResolver (43) [getClusterEndpoints] - Resolving eureka endpoints via configuration
2021-10-11 15:36:09.931 [INFO ] [quartzScheduler_Worker-5                ] c.w.w.l.f.q.FSQuartz (40) [info] - closing fs...
2021-10-11 15:37:09.916 [INFO ] [quartzScheduler_Worker-6                ] c.w.w.l.f.q.FSQuartz (40) [info] - closing fs...
2021-10-11 15:38:09.917 [INFO ] [quartzScheduler_Worker-7                ] c.w.w.l.f.q.FSQuartz (40) [info] - closing fs...
2021-10-11 15:39:09.922 [INFO ] [quartzScheduler_Worker-8                ] c.w.w.l.f.q.FSQuartz (40) [info] - closing fs...
2021-10-11 15:40:09.917 [INFO ] [quartzScheduler_Worker-9                ] c.w.w.l.f.q.FSQuartz (40) [info] - closing fs...
2021-10-11 15:40:40.877 [INFO ] [AsyncResolver-bootstrap-executor-0      ] c.n.d.s.r.a.ConfigClusterResolver (43) [getClusterEndpoints] - Resolving eureka endpoints via configuration
2021-10-11 15:41:09.926 [INFO ] [quartzScheduler_Worker-10               ] c.w.w.l.f.q.FSQuartz (40) [info] - closing fs...
2021-10-11 15:42:09.936 [INFO ] [quartzScheduler_Worker-1                ] c.w.w.l.f.q.FSQuartz (40) [info] - closing fs...
2021-10-11 15:43:09.909 [INFO ] [quartzScheduler_Worker-2                ] c.w.w.l.f.q.FSQuartz (40) [info] - closing fs...
2021-10-11 15:44:09.919 [INFO ] [quartzScheduler_Worker-3                ] c.w.w.l.f.q.FSQuartz (40) [info] - closing fs...
2021-10-11 15:45:09.922 [INFO ] [quartzScheduler_Worker-4                ] c.w.w.l.f.q.FSQuartz (40) [info] - closing fs...
2021-10-11 15:45:40.884 [INFO ] [AsyncResolver-bootstrap-executor-0      ] c.n.d.s.r.a.ConfigClusterResolver (43) [getClusterEndpoints] - Resolving eureka endpoints via configuration
2021-10-11 15:46:09.912 [INFO ] [quartzScheduler_Worker-5                ] c.w.w.l.f.q.FSQuartz (40) [info] - closing fs...
2021-10-11 15:47:09.913 [INFO ] [quartzScheduler_Worker-6                ] c.w.w.l.f.q.FSQuartz (40) [info] - closing fs...
