2021-10-11 11:23:23.671 [INFO ] [main                                    ] c.w.w.l.LinkisBaseServerApp (47) [main] - Ready to start linkis-cg-engineconnmanager with args: --spring.profiles.active=linkis
--server.port=9102
--application.name=linkis-cg-engineconnmanager.
2021-10-11 11:23:26.506 [INFO ] [main                                    ] o.s.c.c.c.ConfigServicePropertySourceLocator (249) [getRemoteEnvironment] - Fetching config from server at : http://localhost:8888
2021-10-11 11:23:26.717 [INFO ] [main                                    ] o.s.c.c.c.ConfigServicePropertySourceLocator (273) [getRemoteEnvironment] - Connect Timeout Exception on Url - http://localhost:8888. Will be trying the next url if available
2021-10-11 11:23:26.717 [WARN ] [main                                    ] o.s.c.c.c.ConfigServicePropertySourceLocator (152) [locate] - Could not locate PropertySource: I/O error on GET request for "http://localhost:8888/linkis-cg-engineconnmanager/linkis": Connection refused (Connection refused); nested exception is java.net.ConnectException: Connection refused (Connection refused)
2021-10-11 11:23:26.732 [INFO ] [main                                    ] c.w.w.l.DataWorkCloudApplication (655) [logStartupProfileInfo] - The following profiles are active: linkis
2021-10-11 11:23:26.820 [INFO ] [main                                    ] c.w.w.l.DataWorkCloudApplication (84) [onApplicationEvent] - add config from config server...
2021-10-11 11:23:26.821 [INFO ] [main                                    ] c.w.w.l.DataWorkCloudApplication (89) [onApplicationEvent] - initialize DataWorkCloud spring application...
2021-10-11 11:23:31.591 [INFO ] [main                                    ] o.s.c.c.s.GenericScope (295) [setSerializationId] - BeanFactory id=e46a0473-2b07-3d5b-818f-5b5661ce8c01
2021-10-11 11:23:32.894 [INFO ] [main                                    ] o.e.j.u.log (169) [initialized] - Logging initialized @11909ms to org.eclipse.jetty.util.log.Slf4jLog
2021-10-11 11:23:33.260 [INFO ] [main                                    ] o.s.b.w.e.j.JettyServletWebServerFactory (147) [getWebServer] - Server initialized with port: 9102
2021-10-11 11:23:33.328 [INFO ] [main                                    ] o.e.j.s.Server (359) [doStart] - jetty-9.4.30.v20200611; built: 2020-06-11T12:34:51.929Z; git: 271836e4c1f4612f12b7bb13ef5a92a927634b0d; jvm 1.8.0_301-b09
2021-10-11 11:23:33.403 [INFO ] [main                                    ] o.e.j.s.h.C.application (2232) [log] - Initializing Spring embedded WebApplicationContext
2021-10-11 11:23:33.403 [INFO ] [main                                    ] o.s.b.w.s.c.ServletWebServerApplicationContext (285) [prepareWebApplicationContext] - Root WebApplicationContext: initialization completed in 6578 ms
2021-10-11 11:23:33.938 [WARN ] [main                                    ] c.n.c.s.URLConfigurationSource (121) [<init>] - No URLs will be polled as dynamic configuration sources.
2021-10-11 11:23:33.939 [INFO ] [main                                    ] c.n.c.s.URLConfigurationSource (122) [<init>] - To enable URLs as dynamic configuration sources, define System property archaius.configurationSource.additionalUrls or make config.properties available on classpath.
2021-10-11 11:23:33.968 [INFO ] [main                                    ] c.n.c.DynamicPropertyFactory (281) [getInstance] - DynamicPropertyFactory is initialized with configuration sources: com.netflix.config.ConcurrentCompositeConfiguration@1c815814
2021-10-11 11:23:34.250 [WARN ] [main                                    ] o.s.b.a.e.EndpointId (155) [logWarning] - Endpoint ID 'service-registry' contains invalid characters, please migrate to a valid format.
2021-10-11 11:23:34.560 [INFO ] [main                                    ] o.e.j.s.session (333) [doStart] - DefaultSessionIdManager workerName=node0
2021-10-11 11:23:34.561 [INFO ] [main                                    ] o.e.j.s.session (338) [doStart] - No SessionScavenger set, using defaults
2021-10-11 11:23:34.564 [INFO ] [main                                    ] o.e.j.s.session (140) [startScavenging] - node0 Scavenging every 600000ms
2021-10-11 11:23:34.576 [INFO ] [main                                    ] o.e.j.s.h.ContextHandler (824) [doStart] - Started o.s.b.w.e.j.JettyEmbeddedWebAppContext@35ff072c{application,/,[file:///private/var/folders/hw/68_mltw17zb0pj2gvsx9yf9r0000gn/T/jetty-docbase.3577827305508505747.9102/],AVAILABLE}
2021-10-11 11:23:34.577 [INFO ] [main                                    ] o.e.j.s.Server (399) [doStart] - Started @13595ms
2021-10-11 11:23:35.582 [INFO ] [main                                    ] o.r.Reflections (229) [scan] - Reflections took 733 ms to scan 23 urls, producing 369 keys and 4141 values 
2021-10-11 11:23:35.627 [INFO ] [main                                    ] c.w.w.l.r.MessageRPCReceiveRestful (40) [info] - init all receiverChoosers in spring beans, list => List(com.webank.wedatasphere.linkis.rpc.MessageReceiverChooser@6c6919ff, com.webank.wedatasphere.linkis.rpc.CommonReceiverChooser@6315bb4)
2021-10-11 11:23:35.633 [INFO ] [main                                    ] c.w.w.l.r.MessageRPCReceiveRestful (40) [info] - init all receiverSenderBuilders in spring beans, list => List(com.webank.wedatasphere.linkis.rpc.CommonReceiverSenderBuilder@2db3675a)
2021-10-11 11:23:35.641 [INFO ] [main                                    ] c.w.w.l.r.MessageRPCReceiveRestful (40) [info] - init RPCReceiverListenerBus with queueSize 5000 and consumeThreadSize 400.
2021-10-11 11:23:35.643 [INFO ] [main                                    ] c.w.w.l.r.AsynRPCMessageBus (40) [info] - RPC-Receiver-Asyn-Thread-ListenerBus add a new listener => class com.webank.wedatasphere.linkis.rpc.RPCReceiveRestful$$anon$1
2021-10-11 11:23:35.646 [INFO ] [main                                    ] c.w.w.l.r.MessageRPCReceiveRestful (40) [info] - init all receiverChoosers in spring beans, list => List(com.webank.wedatasphere.linkis.rpc.MessageReceiverChooser@6c6919ff, com.webank.wedatasphere.linkis.rpc.CommonReceiverChooser@5f781173)
2021-10-11 11:23:35.650 [INFO ] [main                                    ] c.w.w.l.r.MessageRPCReceiveRestful (40) [info] - init all receiverSenderBuilders in spring beans, list => List(com.webank.wedatasphere.linkis.rpc.CommonReceiverSenderBuilder@77f7352a)
2021-10-11 11:23:35.702 [INFO ] [main                                    ] c.w.w.l.r.RPCReceiveRestful (40) [info] - init all receiverChoosers in spring beans, list => List(com.webank.wedatasphere.linkis.rpc.MessageReceiverChooser@6c6919ff, com.webank.wedatasphere.linkis.rpc.CommonReceiverChooser@552cb0d5)
2021-10-11 11:23:35.702 [INFO ] [main                                    ] c.w.w.l.r.RPCReceiveRestful (40) [info] - init all receiverSenderBuilders in spring beans, list => List(com.webank.wedatasphere.linkis.rpc.CommonReceiverSenderBuilder@61d6c8c4)
2021-10-11 11:23:35.703 [INFO ] [main                                    ] c.w.w.l.r.RPCReceiveRestful (40) [info] - init RPCReceiverListenerBus with queueSize 5000 and consumeThreadSize 400.
2021-10-11 11:23:35.703 [INFO ] [main                                    ] c.w.w.l.r.AsynRPCMessageBus (40) [info] - RPC-Receiver-Asyn-Thread-ListenerBus add a new listener => class com.webank.wedatasphere.linkis.rpc.RPCReceiveRestful$$anon$1
2021-10-11 11:23:36.324 [INFO ] [main                                    ] o.s.c.n.e.InstanceInfoFactory (72) [create] - Setting initial instance status as: STARTING
2021-10-11 11:23:36.450 [INFO ] [main                                    ] c.n.d.DiscoveryClient (365) [<init>] - Initializing Eureka in region us-east-1
2021-10-11 11:23:37.184 [INFO ] [main                                    ] c.n.d.p.DiscoveryJerseyProvider (70) [<init>] - Using JSON encoding codec LegacyJacksonJson
2021-10-11 11:23:37.185 [INFO ] [main                                    ] c.n.d.p.DiscoveryJerseyProvider (71) [<init>] - Using JSON decoding codec LegacyJacksonJson
2021-10-11 11:23:37.542 [INFO ] [main                                    ] c.n.d.p.DiscoveryJerseyProvider (80) [<init>] - Using XML encoding codec XStreamXml
2021-10-11 11:23:37.547 [INFO ] [main                                    ] c.n.d.p.DiscoveryJerseyProvider (81) [<init>] - Using XML decoding codec XStreamXml
2021-10-11 11:23:38.419 [INFO ] [main                                    ] c.n.d.s.r.a.ConfigClusterResolver (43) [getClusterEndpoints] - Resolving eureka endpoints via configuration
2021-10-11 11:23:38.459 [INFO ] [main                                    ] c.n.d.DiscoveryClient (976) [fetchRegistry] - Disable delta property : false
2021-10-11 11:23:38.459 [INFO ] [main                                    ] c.n.d.DiscoveryClient (977) [fetchRegistry] - Single vip registry refresh property : null
2021-10-11 11:23:38.459 [INFO ] [main                                    ] c.n.d.DiscoveryClient (978) [fetchRegistry] - Force full registry fetch : false
2021-10-11 11:23:38.460 [INFO ] [main                                    ] c.n.d.DiscoveryClient (979) [fetchRegistry] - Application is null : false
2021-10-11 11:23:38.460 [INFO ] [main                                    ] c.n.d.DiscoveryClient (980) [fetchRegistry] - Registered Applications size is zero : true
2021-10-11 11:23:38.460 [INFO ] [main                                    ] c.n.d.DiscoveryClient (982) [fetchRegistry] - Application version is -1: true
2021-10-11 11:23:38.460 [INFO ] [main                                    ] c.n.d.DiscoveryClient (1065) [getAndStoreFullRegistry] - Getting all instance registry info from the eureka server
2021-10-11 11:23:38.795 [INFO ] [main                                    ] c.n.d.DiscoveryClient (1074) [getAndStoreFullRegistry] - The response status is 200
2021-10-11 11:23:38.813 [INFO ] [main                                    ] c.n.d.DiscoveryClient (1288) [initScheduledTasks] - Starting heartbeat executor: renew interval is: 30
2021-10-11 11:23:38.820 [INFO ] [main                                    ] c.n.d.InstanceInfoReplicator (60) [<init>] - InstanceInfoReplicator onDemand update allowed rate per min is 4
2021-10-11 11:23:38.836 [INFO ] [main                                    ] c.n.d.DiscoveryClient (465) [<init>] - Discovery Client initialized at timestamp 1633922618834 with initial instances count: 7
2021-10-11 11:23:39.099 [INFO ] [main                                    ] c.w.w.l.e.c.l.ECMSyncListenerBus (40) [info] - com.webank.wedatasphere.linkis.ecm.core.listener.ECMSyncListenerBus@48224381 add a new listener => class com.webank.wedatasphere.linkis.ecm.server.service.impl.DefaultEngineConnListService
2021-10-11 11:23:39.155 [INFO ] [main                                    ] c.w.w.l.e.c.l.ECMSyncListenerBus (40) [info] - com.webank.wedatasphere.linkis.ecm.core.listener.ECMSyncListenerBus@48224381 add a new listener => class com.webank.wedatasphere.linkis.ecm.server.service.impl.DefaultECMRegisterService
2021-10-11 11:23:39.173 [INFO ] [main                                    ] c.w.w.l.e.c.l.ECMSyncListenerBus (40) [info] - com.webank.wedatasphere.linkis.ecm.core.listener.ECMSyncListenerBus@48224381 add a new listener => class com.webank.wedatasphere.linkis.ecm.server.service.impl.DefaultECMHealthService
2021-10-11 11:23:39.545 [WARN ] [main                                    ] c.n.c.s.URLConfigurationSource (121) [<init>] - No URLs will be polled as dynamic configuration sources.
2021-10-11 11:23:39.545 [INFO ] [main                                    ] c.n.c.s.URLConfigurationSource (122) [<init>] - To enable URLs as dynamic configuration sources, define System property archaius.configurationSource.additionalUrls or make config.properties available on classpath.
2021-10-11 11:23:40.238 [INFO ] [main                                    ] o.s.s.c.ThreadPoolTaskExecutor (181) [initialize] - Initializing ExecutorService 'applicationTaskExecutor'
2021-10-11 11:23:40.883 [INFO ] [main                                    ] c.w.w.l.s.q.p.ParallelConsumerManager (40) [info] - The feature that auto clean up idle consumers for RpcMessageScheduler is enabled.
2021-10-11 11:23:40.894 [WARN ] [main                                    ] c.w.w.l.m.u.MessageUtils (43) [getBean] - can not get bean from spring ioc:org.springframework.transaction.PlatformTransactionManager
2021-10-11 11:23:41.508 [WARN ] [main                                    ] o.s.c.l.c.BlockingLoadBalancerClientAutoConfiguration$BlockingLoadBalancerClientRibbonWarnLogger (86) [logWarning] - You already have RibbonLoadBalancerClient on your classpath. It will be used by default. As Spring Cloud Ribbon is in maintenance mode. We recommend switching to BlockingLoadBalancerClient instead. In order to use it, set the value of `spring.cloud.loadbalancer.ribbon.enabled` to `false` or remove spring-cloud-starter-netflix-ribbon from your project.
2021-10-11 11:23:41.707 [INFO ] [main                                    ] o.s.b.a.e.w.EndpointLinksResolver (58) [<init>] - Exposing 2 endpoint(s) beneath base path '/actuator'
2021-10-11 11:23:41.804 [INFO ] [main                                    ] o.s.c.n.e.s.EurekaServiceRegistry (41) [register] - Registering application LINKIS-CG-ENGINECONNMANAGER with eureka with status UP
2021-10-11 11:23:41.805 [INFO ] [main                                    ] c.n.d.DiscoveryClient (1323) [notify] - Saw local status change event StatusChangeEvent [timestamp=1633922621805, current=UP, previous=STARTING]
2021-10-11 11:23:41.814 [INFO ] [DiscoveryClient-InstanceInfoReplicator-0] c.n.d.DiscoveryClient (844) [register] - DiscoveryClient_LINKIS-CG-ENGINECONNMANAGER/10.18.58.173:linkis-cg-engineconnmanager:9102: registering service...
2021-10-11 11:23:41.907 [INFO ] [Linkis-Default-Scheduler-Thread-1       ] c.w.w.l.s.q.p.ParallelConsumerManager (40) [info] - Start to Clean up idle consumers 
2021-10-11 11:23:41.924 [INFO ] [Linkis-Default-Scheduler-Thread-1       ] c.w.w.l.s.q.p.ParallelConsumerManager (40) [info] - Finished to clean up idle consumers for RpcMessageScheduler, cost 16 ms.
2021-10-11 11:23:41.978 [INFO ] [main                                    ] o.e.j.s.h.C.application (2232) [log] - Initializing Spring DispatcherServlet 'dispatcherServlet'
2021-10-11 11:23:41.981 [INFO ] [main                                    ] o.s.w.s.DispatcherServlet (525) [initServletBean] - Initializing Servlet 'dispatcherServlet'
2021-10-11 11:23:41.992 [INFO ] [DiscoveryClient-InstanceInfoReplicator-0] c.n.d.DiscoveryClient (853) [register] - DiscoveryClient_LINKIS-CG-ENGINECONNMANAGER/10.18.58.173:linkis-cg-engineconnmanager:9102 - registration status: 204
2021-10-11 11:23:42.029 [INFO ] [main                                    ] o.s.w.s.DispatcherServlet (547) [initServletBean] - Completed initialization in 46 ms
2021-10-11 11:23:42.086 [INFO ] [main                                    ] o.e.j.s.AbstractConnector (293) [doStart] - Started ServerConnector@75b363c3{HTTP/1.1,[http/1.1]}{0.0.0.0:9102}
2021-10-11 11:23:42.092 [INFO ] [main                                    ] o.s.b.w.e.j.JettyWebServer (185) [start] - Jetty started on port(s) 9102 (http/1.1) with context path '/'
2021-10-11 11:23:42.098 [INFO ] [main                                    ] o.s.c.n.e.s.EurekaAutoServiceRegistration (145) [onApplicationEvent] - Updating port to 9102
2021-10-11 11:23:42.122 [INFO ] [main                                    ] c.w.w.l.r.c.RPCSpringConfiguration$$EnhancerBySpringCGLIB$$30934f2e (40) [info] - DataWorkCloud RPC need register RPCReceiveRestful, now add it to configuration.
2021-10-11 11:23:42.123 [INFO ] [main                                    ] c.w.w.l.DataWorkCloudApplication (84) [onApplicationEvent] - add config from config server...
2021-10-11 11:23:42.123 [INFO ] [main                                    ] c.w.w.l.DataWorkCloudApplication (89) [onApplicationEvent] - initialize DataWorkCloud spring application...
2021-10-11 11:23:42.165 [INFO ] [main                                    ] c.w.w.l.DataWorkCloudApplication (61) [logStarted] - Started DataWorkCloudApplication in 18.02 seconds (JVM running for 21.182)
2021-10-11 11:23:42.180 [INFO ] [main                                    ] c.w.w.l.e.s.s.i.DefaultEngineConnListService (40) [info] - Deal event ECMReadyEvent([Ljava.lang.String;@70a3b)
2021-10-11 11:23:42.200 [INFO ] [main                                    ] c.w.w.l.e.s.s.i.DefaultECMRegisterService (40) [info] - start register ecm
2021-10-11 11:23:42.468 [INFO ] [main                                    ] c.w.w.l.r.AsynRPCMessageBus (40) [info] - RPC-Sender-Asyn-Thread-ListenerBus add a new listener => class com.webank.wedatasphere.linkis.rpc.BaseRPCSender$$anon$1
2021-10-11 11:23:43.078 [INFO ] [main                                    ] c.n.c.ChainedDynamicProperty (115) [checkAndFlip] - Flipping property: linkis-cg-linkismanager.ribbon.ActiveConnectionsLimit to use NEXT property: niws.loadbalancer.availabilityFilteringRule.activeConnectionsLimit = 2147483647
2021-10-11 11:23:43.117 [INFO ] [main                                    ] c.n.u.c.ShutdownEnabledTimer (58) [<init>] - Shutdown hook installed for: NFLoadBalancer-PingTimer-linkis-cg-linkismanager
2021-10-11 11:23:43.119 [INFO ] [main                                    ] c.n.l.BaseLoadBalancer (197) [initWithConfig] - Client: linkis-cg-linkismanager instantiated a LoadBalancer: DynamicServerListLoadBalancer:{NFLoadBalancer:name=linkis-cg-linkismanager,current list of Servers=[],Load balancer stats=Zone stats: {},Server stats: []}ServerList:null
2021-10-11 11:23:43.259 [INFO ] [main                                    ] c.n.c.ChainedDynamicProperty (115) [checkAndFlip] - Flipping property: linkis-cg-linkismanager.ribbon.ActiveConnectionsLimit to use NEXT property: niws.loadbalancer.availabilityFilteringRule.activeConnectionsLimit = 2147483647
2021-10-11 11:23:44.187 [INFO ] [PollingServerListUpdater-0              ] c.n.c.ChainedDynamicProperty (115) [checkAndFlip] - Flipping property: linkis-cg-linkismanager.ribbon.ActiveConnectionsLimit to use NEXT property: niws.loadbalancer.availabilityFilteringRule.activeConnectionsLimit = 2147483647
2021-10-11 11:23:46.032 [INFO ] [main                                    ] c.w.w.l.e.s.ECMApplicationListener$$EnhancerBySpringCGLIB$$89e2506a (100) [onApplicationReady] - ECM:ServiceInstance(linkis-cg-engineconnmanager, localhost:9102) is ready
2021-10-11 11:24:49.393 [INFO ] [Linkis-Default-Scheduler-Thread-1       ] c.w.w.l.r.i.c.RetryableRPCInterceptor$RPCRetryHandler (40) [info] - NodeHeartbeatMsg failed with java.lang.RuntimeException, wait 1.0 s for next retry. Retried 1++ ...
2021-10-11 11:28:38.523 [INFO ] [AsyncResolver-bootstrap-executor-0      ] c.n.d.s.r.a.ConfigClusterResolver (43) [getClusterEndpoints] - Resolving eureka endpoints via configuration
2021-10-11 11:33:38.567 [INFO ] [AsyncResolver-bootstrap-executor-0      ] c.n.d.s.r.a.ConfigClusterResolver (43) [getClusterEndpoints] - Resolving eureka endpoints via configuration
2021-10-11 11:38:38.616 [INFO ] [AsyncResolver-bootstrap-executor-0      ] c.n.d.s.r.a.ConfigClusterResolver (43) [getClusterEndpoints] - Resolving eureka endpoints via configuration
2021-10-11 11:43:38.631 [INFO ] [AsyncResolver-bootstrap-executor-0      ] c.n.d.s.r.a.ConfigClusterResolver (43) [getClusterEndpoints] - Resolving eureka endpoints via configuration
2021-10-11 11:48:38.689 [INFO ] [AsyncResolver-bootstrap-executor-0      ] c.n.d.s.r.a.ConfigClusterResolver (43) [getClusterEndpoints] - Resolving eureka endpoints via configuration
2021-10-11 12:09:00.615 [INFO ] [AsyncResolver-bootstrap-executor-0      ] c.n.d.s.r.a.ConfigClusterResolver (43) [getClusterEndpoints] - Resolving eureka endpoints via configuration
2021-10-11 12:14:00.799 [INFO ] [AsyncResolver-bootstrap-executor-0      ] c.n.d.s.r.a.ConfigClusterResolver (43) [getClusterEndpoints] - Resolving eureka endpoints via configuration
2021-10-11 12:19:00.819 [INFO ] [AsyncResolver-bootstrap-executor-0      ] c.n.d.s.r.a.ConfigClusterResolver (43) [getClusterEndpoints] - Resolving eureka endpoints via configuration
2021-10-11 12:24:00.856 [INFO ] [AsyncResolver-bootstrap-executor-0      ] c.n.d.s.r.a.ConfigClusterResolver (43) [getClusterEndpoints] - Resolving eureka endpoints via configuration
2021-10-11 12:29:00.899 [INFO ] [AsyncResolver-bootstrap-executor-0      ] c.n.d.s.r.a.ConfigClusterResolver (43) [getClusterEndpoints] - Resolving eureka endpoints via configuration
2021-10-11 12:49:06.851 [INFO ] [AsyncResolver-bootstrap-executor-0      ] c.n.d.s.r.a.ConfigClusterResolver (43) [getClusterEndpoints] - Resolving eureka endpoints via configuration
2021-10-11 12:54:06.865 [INFO ] [AsyncResolver-bootstrap-executor-0      ] c.n.d.s.r.a.ConfigClusterResolver (43) [getClusterEndpoints] - Resolving eureka endpoints via configuration
2021-10-11 12:59:06.885 [INFO ] [AsyncResolver-bootstrap-executor-0      ] c.n.d.s.r.a.ConfigClusterResolver (43) [getClusterEndpoints] - Resolving eureka endpoints via configuration
2021-10-11 13:04:06.884 [INFO ] [AsyncResolver-bootstrap-executor-0      ] c.n.d.s.r.a.ConfigClusterResolver (43) [getClusterEndpoints] - Resolving eureka endpoints via configuration
2021-10-11 13:09:06.897 [INFO ] [AsyncResolver-bootstrap-executor-0      ] c.n.d.s.r.a.ConfigClusterResolver (43) [getClusterEndpoints] - Resolving eureka endpoints via configuration
2021-10-11 13:14:06.913 [INFO ] [AsyncResolver-bootstrap-executor-0      ] c.n.d.s.r.a.ConfigClusterResolver (43) [getClusterEndpoints] - Resolving eureka endpoints via configuration
2021-10-11 13:19:06.933 [INFO ] [AsyncResolver-bootstrap-executor-0      ] c.n.d.s.r.a.ConfigClusterResolver (43) [getClusterEndpoints] - Resolving eureka endpoints via configuration
2021-10-11 13:24:06.953 [INFO ] [AsyncResolver-bootstrap-executor-0      ] c.n.d.s.r.a.ConfigClusterResolver (43) [getClusterEndpoints] - Resolving eureka endpoints via configuration
2021-10-11 13:29:06.963 [INFO ] [AsyncResolver-bootstrap-executor-0      ] c.n.d.s.r.a.ConfigClusterResolver (43) [getClusterEndpoints] - Resolving eureka endpoints via configuration
2021-10-11 13:34:06.994 [INFO ] [AsyncResolver-bootstrap-executor-0      ] c.n.d.s.r.a.ConfigClusterResolver (43) [getClusterEndpoints] - Resolving eureka endpoints via configuration
2021-10-11 13:39:07.026 [INFO ] [AsyncResolver-bootstrap-executor-0      ] c.n.d.s.r.a.ConfigClusterResolver (43) [getClusterEndpoints] - Resolving eureka endpoints via configuration
2021-10-11 13:44:07.043 [INFO ] [AsyncResolver-bootstrap-executor-0      ] c.n.d.s.r.a.ConfigClusterResolver (43) [getClusterEndpoints] - Resolving eureka endpoints via configuration
2021-10-11 13:49:07.060 [INFO ] [AsyncResolver-bootstrap-executor-0      ] c.n.d.s.r.a.ConfigClusterResolver (43) [getClusterEndpoints] - Resolving eureka endpoints via configuration
2021-10-11 13:54:07.071 [INFO ] [AsyncResolver-bootstrap-executor-0      ] c.n.d.s.r.a.ConfigClusterResolver (43) [getClusterEndpoints] - Resolving eureka endpoints via configuration
2021-10-11 13:59:07.098 [INFO ] [AsyncResolver-bootstrap-executor-0      ] c.n.d.s.r.a.ConfigClusterResolver (43) [getClusterEndpoints] - Resolving eureka endpoints via configuration
2021-10-11 14:04:07.119 [INFO ] [AsyncResolver-bootstrap-executor-0      ] c.n.d.s.r.a.ConfigClusterResolver (43) [getClusterEndpoints] - Resolving eureka endpoints via configuration
2021-10-11 14:09:07.142 [INFO ] [AsyncResolver-bootstrap-executor-0      ] c.n.d.s.r.a.ConfigClusterResolver (43) [getClusterEndpoints] - Resolving eureka endpoints via configuration
2021-10-11 14:14:07.156 [INFO ] [AsyncResolver-bootstrap-executor-0      ] c.n.d.s.r.a.ConfigClusterResolver (43) [getClusterEndpoints] - Resolving eureka endpoints via configuration
2021-10-11 14:19:07.165 [INFO ] [AsyncResolver-bootstrap-executor-0      ] c.n.d.s.r.a.ConfigClusterResolver (43) [getClusterEndpoints] - Resolving eureka endpoints via configuration
2021-10-11 14:24:07.176 [INFO ] [AsyncResolver-bootstrap-executor-0      ] c.n.d.s.r.a.ConfigClusterResolver (43) [getClusterEndpoints] - Resolving eureka endpoints via configuration
2021-10-11 14:29:07.185 [INFO ] [AsyncResolver-bootstrap-executor-0      ] c.n.d.s.r.a.ConfigClusterResolver (43) [getClusterEndpoints] - Resolving eureka endpoints via configuration
2021-10-11 14:34:07.202 [INFO ] [AsyncResolver-bootstrap-executor-0      ] c.n.d.s.r.a.ConfigClusterResolver (43) [getClusterEndpoints] - Resolving eureka endpoints via configuration
2021-10-11 14:39:07.223 [INFO ] [AsyncResolver-bootstrap-executor-0      ] c.n.d.s.r.a.ConfigClusterResolver (43) [getClusterEndpoints] - Resolving eureka endpoints via configuration
2021-10-11 14:51:58.839 [INFO ] [AsyncResolver-bootstrap-executor-0      ] c.n.d.s.r.a.ConfigClusterResolver (43) [getClusterEndpoints] - Resolving eureka endpoints via configuration
2021-10-11 14:56:58.843 [INFO ] [AsyncResolver-bootstrap-executor-0      ] c.n.d.s.r.a.ConfigClusterResolver (43) [getClusterEndpoints] - Resolving eureka endpoints via configuration
2021-10-11 15:01:58.844 [INFO ] [AsyncResolver-bootstrap-executor-0      ] c.n.d.s.r.a.ConfigClusterResolver (43) [getClusterEndpoints] - Resolving eureka endpoints via configuration
2021-10-11 15:06:58.848 [INFO ] [AsyncResolver-bootstrap-executor-0      ] c.n.d.s.r.a.ConfigClusterResolver (43) [getClusterEndpoints] - Resolving eureka endpoints via configuration
2021-10-11 15:11:58.849 [INFO ] [AsyncResolver-bootstrap-executor-0      ] c.n.d.s.r.a.ConfigClusterResolver (43) [getClusterEndpoints] - Resolving eureka endpoints via configuration
2021-10-11 15:16:58.859 [INFO ] [AsyncResolver-bootstrap-executor-0      ] c.n.d.s.r.a.ConfigClusterResolver (43) [getClusterEndpoints] - Resolving eureka endpoints via configuration
2021-10-11 15:21:58.880 [INFO ] [AsyncResolver-bootstrap-executor-0      ] c.n.d.s.r.a.ConfigClusterResolver (43) [getClusterEndpoints] - Resolving eureka endpoints via configuration
2021-10-11 15:26:58.881 [INFO ] [AsyncResolver-bootstrap-executor-0      ] c.n.d.s.r.a.ConfigClusterResolver (43) [getClusterEndpoints] - Resolving eureka endpoints via configuration
2021-10-11 15:31:58.886 [INFO ] [AsyncResolver-bootstrap-executor-0      ] c.n.d.s.r.a.ConfigClusterResolver (43) [getClusterEndpoints] - Resolving eureka endpoints via configuration
2021-10-11 15:36:58.892 [INFO ] [AsyncResolver-bootstrap-executor-0      ] c.n.d.s.r.a.ConfigClusterResolver (43) [getClusterEndpoints] - Resolving eureka endpoints via configuration
2021-10-11 15:41:58.901 [INFO ] [AsyncResolver-bootstrap-executor-0      ] c.n.d.s.r.a.ConfigClusterResolver (43) [getClusterEndpoints] - Resolving eureka endpoints via configuration
2021-10-11 15:46:58.905 [INFO ] [AsyncResolver-bootstrap-executor-0      ] c.n.d.s.r.a.ConfigClusterResolver (43) [getClusterEndpoints] - Resolving eureka endpoints via configuration
