2021-10-11 11:22:50.525 [INFO ] [main                                    ] c.w.w.l.LinkisBaseServerApp (47) [main] - Ready to start linkis-ps-cs with args: --spring.profiles.active=linkis
--eureka.instance.metadata-map.route=cs_1_dev
--server.port=9108
--application.name=linkis-ps-cs.
2021-10-11 11:22:53.764 [INFO ] [main                                    ] o.s.c.c.c.ConfigServicePropertySourceLocator (249) [getRemoteEnvironment] - Fetching config from server at : http://localhost:8888
2021-10-11 11:22:54.003 [INFO ] [main                                    ] o.s.c.c.c.ConfigServicePropertySourceLocator (273) [getRemoteEnvironment] - Connect Timeout Exception on Url - http://localhost:8888. Will be trying the next url if available
2021-10-11 11:22:54.014 [WARN ] [main                                    ] o.s.c.c.c.ConfigServicePropertySourceLocator (152) [locate] - Could not locate PropertySource: I/O error on GET request for "http://localhost:8888/linkis-ps-cs/linkis": Connection refused (Connection refused); nested exception is java.net.ConnectException: Connection refused (Connection refused)
2021-10-11 11:22:54.038 [INFO ] [main                                    ] c.w.w.l.DataWorkCloudApplication (655) [logStartupProfileInfo] - The following profiles are active: linkis
2021-10-11 11:22:54.112 [INFO ] [main                                    ] c.w.w.l.DataWorkCloudApplication (84) [onApplicationEvent] - add config from config server...
2021-10-11 11:22:54.112 [INFO ] [main                                    ] c.w.w.l.DataWorkCloudApplication (89) [onApplicationEvent] - initialize DataWorkCloud spring application...
2021-10-11 11:22:57.608 [INFO ] [main                                    ] o.s.c.a.ConfigurationClassPostProcessor (403) [enhanceConfigurationClasses] - Cannot enhance @Configuration bean definition 'myBatisMapperScannerConfig' since its singleton instance has been created too early. The typical cause is a non-static @Bean method with a BeanDefinitionRegistryPostProcessor return type: Consider declaring such methods as 'static'.
2021-10-11 11:22:57.809 [INFO ] [main                                    ] o.s.c.c.s.GenericScope (295) [setSerializationId] - BeanFactory id=f2653759-771a-3100-b9bc-e963eb0657d2
2021-10-11 11:22:58.915 [INFO ] [main                                    ] o.e.j.u.log (169) [initialized] - Logging initialized @11048ms to org.eclipse.jetty.util.log.Slf4jLog
2021-10-11 11:22:59.408 [INFO ] [main                                    ] o.s.b.w.e.j.JettyServletWebServerFactory (147) [getWebServer] - Server initialized with port: 9108
2021-10-11 11:22:59.443 [INFO ] [main                                    ] o.e.j.s.Server (359) [doStart] - jetty-9.4.30.v20200611; built: 2020-06-11T12:34:51.929Z; git: 271836e4c1f4612f12b7bb13ef5a92a927634b0d; jvm 1.8.0_301-b09
2021-10-11 11:22:59.496 [INFO ] [main                                    ] o.e.j.s.h.C.application (2232) [log] - Initializing Spring embedded WebApplicationContext
2021-10-11 11:22:59.508 [INFO ] [main                                    ] o.s.b.w.s.c.ServletWebServerApplicationContext (285) [prepareWebApplicationContext] - Root WebApplicationContext: initialization completed in 5391 ms
2021-10-11 11:22:59.805 [WARN ] [main                                    ] c.n.c.s.URLConfigurationSource (121) [<init>] - No URLs will be polled as dynamic configuration sources.
2021-10-11 11:22:59.806 [INFO ] [main                                    ] c.n.c.s.URLConfigurationSource (122) [<init>] - To enable URLs as dynamic configuration sources, define System property archaius.configurationSource.additionalUrls or make config.properties available on classpath.
2021-10-11 11:22:59.828 [INFO ] [main                                    ] c.n.c.DynamicPropertyFactory (281) [getInstance] - DynamicPropertyFactory is initialized with configuration sources: com.netflix.config.ConcurrentCompositeConfiguration@5e360c3b
2021-10-11 11:23:00.072 [WARN ] [main                                    ] o.s.b.a.e.EndpointId (155) [logWarning] - Endpoint ID 'service-registry' contains invalid characters, please migrate to a valid format.
2021-10-11 11:23:00.302 [INFO ] [main                                    ] o.e.j.s.session (333) [doStart] - DefaultSessionIdManager workerName=node0
2021-10-11 11:23:00.308 [INFO ] [main                                    ] o.e.j.s.session (338) [doStart] - No SessionScavenger set, using defaults
2021-10-11 11:23:00.311 [INFO ] [main                                    ] o.e.j.s.session (140) [startScavenging] - node0 Scavenging every 660000ms
2021-10-11 11:23:00.324 [INFO ] [main                                    ] o.e.j.s.h.ContextHandler (824) [doStart] - Started o.s.b.w.e.j.JettyEmbeddedWebAppContext@25e796fe{application,/,[file:///private/var/folders/hw/68_mltw17zb0pj2gvsx9yf9r0000gn/T/jetty-docbase.5319412043474041248.9108/],AVAILABLE}
2021-10-11 11:23:00.325 [INFO ] [main                                    ] o.e.j.s.Server (399) [doStart] - Started @12459ms
2021-10-11 11:23:00.465 [INFO ] [main                                    ] c.w.w.l.c.s.p.DefaultKeywordParser (49) [init] - init keyValueParser
2021-10-11 11:23:00.874 [INFO ] [main                                    ] o.r.Reflections (229) [scan] - Reflections took 362 ms to scan 7 urls, producing 13 keys and 85 values 
2021-10-11 11:23:01.242 [INFO ] [main                                    ] c.w.w.l.s.q.p.ParallelConsumerManager (40) [info] - The feature that auto clean up idle consumers for DefaultScheduler is enabled.
2021-10-11 11:23:01.328 [INFO ] [main                                    ] c.w.w.l.m.DataSourceConfig$$EnhancerBySpringCGLIB$$a4e09bcd (35) [info] - Database connection address information(数据库连接地址信息)=jdbc:mysql://localhost:3306/linkis?characterEncoding=UTF-8
2021-10-11 11:23:01.573 [INFO ] [main                                    ] c.w.w.l.m.MybatisConfigurationFactory$$EnhancerBySpringCGLIB$$568e967 (35) [info] - Mybatis typeAliasesPackage=com.webank.wedatasphere.linkis.cs.persistence.entity
2021-10-11 11:23:01.574 [INFO ] [main                                    ] c.w.w.l.m.MybatisConfigurationFactory$$EnhancerBySpringCGLIB$$568e967 (35) [info] - Mybatis mapperLocations=classpath*:com/webank/wedatasphere/linkis/cs/persistence/dao/impl/*.xml
2021-10-11 11:23:01.575 [INFO ] [main                                    ] c.w.w.l.m.MybatisConfigurationFactory$$EnhancerBySpringCGLIB$$568e967 (35) [info] - Mybatis configLocation=classpath:/mybatis-config.xml
2021-10-11 11:23:02.250 [INFO ] [Linkis-Default-Scheduler-Thread-1       ] c.w.w.l.s.q.p.ParallelConsumerManager (40) [info] - Start to Clean up idle consumers 
2021-10-11 11:23:02.265 [INFO ] [Linkis-Default-Scheduler-Thread-1       ] c.w.w.l.s.q.p.ParallelConsumerManager (40) [info] - Finished to clean up idle consumers for DefaultScheduler, cost 12 ms.
2021-10-11 11:23:02.680 [INFO ] [main                                    ] o.r.Reflections (229) [scan] - Reflections took 328 ms to scan 16 urls, producing 313 keys and 2191 values 
2021-10-11 11:23:03.275 [INFO ] [main                                    ] c.w.w.l.m.l.b.f.LabelBuilderFactoryContext (80) [labelBuilderInitRegister] - Succeed  to register label builder: com.webank.wedatasphere.linkis.manager.label.builder.CombinedLabelBuilder
2021-10-11 11:23:03.631 [INFO ] [main                                    ] c.w.w.l.c.l.L.ContextAsyncListenerBus (40) [info] - ContextAsyncListenerBus-ListenerBus add a new listener => class com.webank.wedatasphere.linkis.cs.listener.callback.imp.DefaultContextIDCallbackEngine
2021-10-11 11:23:03.631 [INFO ] [main                                    ] c.w.w.l.c.l.c.i.DefaultContextIDCallbackEngine (160) [getInstance] - add listerner singleDefaultContextIDCallbackEngine success
2021-10-11 11:23:03.632 [INFO ] [main                                    ] c.w.w.l.c.l.L.ContextAsyncListenerBus (40) [info] - ContextAsyncListenerBus-ListenerBus add a new listener => class com.webank.wedatasphere.linkis.cs.listener.callback.imp.DefaultContextKeyCallbackEngine
2021-10-11 11:23:03.633 [INFO ] [main                                    ] c.w.w.l.c.l.c.i.DefaultContextKeyCallbackEngine (158) [getInstance] - add listerner singleDefaultContextKeyCallbackEngine success
2021-10-11 11:23:03.645 [INFO ] [main                                    ] c.w.w.l.c.l.L.ContextAsyncListenerBus (40) [info] - ContextAsyncListenerBus-ListenerBus add a new listener => class com.webank.wedatasphere.linkis.cs.contextcache.cache.DefaultContextCache
2021-10-11 11:23:03.816 [INFO ] [main                                    ] c.w.w.l.c.c.p.DefaultContextKeyValueParser (43) [init] - init keyValueParser
2021-10-11 11:23:03.841 [INFO ] [main                                    ] c.w.w.l.i.l.c.EurekaInstanceLabelClient (40) [info] - EurekaInstanceLabelClient init
2021-10-11 11:23:03.992 [INFO ] [main                                    ] c.w.w.l.i.l.c.EurekaInstanceLabelClient (40) [info] - Start to register label for instance {management.port=9108, route=cs_1_dev}
2021-10-11 11:23:04.491 [INFO ] [main                                    ] c.w.w.l.r.AsynRPCMessageBus (40) [info] - RPC-Sender-Asyn-Thread-ListenerBus add a new listener => class com.webank.wedatasphere.linkis.rpc.BaseRPCSender$$anon$1
2021-10-11 11:23:05.904 [INFO ] [main                                    ] c.n.c.ChainedDynamicProperty (115) [checkAndFlip] - Flipping property: linkis-ps-publicservice.ribbon.ActiveConnectionsLimit to use NEXT property: niws.loadbalancer.availabilityFilteringRule.activeConnectionsLimit = 2147483647
2021-10-11 11:23:05.937 [INFO ] [main                                    ] c.n.u.c.ShutdownEnabledTimer (58) [<init>] - Shutdown hook installed for: NFLoadBalancer-PingTimer-linkis-ps-publicservice
2021-10-11 11:23:05.939 [INFO ] [main                                    ] c.n.l.BaseLoadBalancer (197) [initWithConfig] - Client: linkis-ps-publicservice instantiated a LoadBalancer: DynamicServerListLoadBalancer:{NFLoadBalancer:name=linkis-ps-publicservice,current list of Servers=[],Load balancer stats=Zone stats: {},Server stats: []}ServerList:null
2021-10-11 11:23:05.972 [INFO ] [main                                    ] o.s.c.n.e.InstanceInfoFactory (72) [create] - Setting initial instance status as: STARTING
2021-10-11 11:23:05.995 [INFO ] [main                                    ] c.n.d.DiscoveryClient (365) [<init>] - Initializing Eureka in region us-east-1
2021-10-11 11:23:06.066 [INFO ] [main                                    ] c.n.d.p.DiscoveryJerseyProvider (70) [<init>] - Using JSON encoding codec LegacyJacksonJson
2021-10-11 11:23:06.066 [INFO ] [main                                    ] c.n.d.p.DiscoveryJerseyProvider (71) [<init>] - Using JSON decoding codec LegacyJacksonJson
2021-10-11 11:23:06.300 [INFO ] [main                                    ] c.n.d.p.DiscoveryJerseyProvider (80) [<init>] - Using XML encoding codec XStreamXml
2021-10-11 11:23:06.301 [INFO ] [main                                    ] c.n.d.p.DiscoveryJerseyProvider (81) [<init>] - Using XML decoding codec XStreamXml
2021-10-11 11:23:07.073 [INFO ] [main                                    ] c.n.d.s.r.a.ConfigClusterResolver (43) [getClusterEndpoints] - Resolving eureka endpoints via configuration
2021-10-11 11:23:07.122 [INFO ] [main                                    ] c.n.d.DiscoveryClient (976) [fetchRegistry] - Disable delta property : false
2021-10-11 11:23:07.123 [INFO ] [main                                    ] c.n.d.DiscoveryClient (977) [fetchRegistry] - Single vip registry refresh property : null
2021-10-11 11:23:07.123 [INFO ] [main                                    ] c.n.d.DiscoveryClient (978) [fetchRegistry] - Force full registry fetch : false
2021-10-11 11:23:07.123 [INFO ] [main                                    ] c.n.d.DiscoveryClient (979) [fetchRegistry] - Application is null : false
2021-10-11 11:23:07.123 [INFO ] [main                                    ] c.n.d.DiscoveryClient (980) [fetchRegistry] - Registered Applications size is zero : true
2021-10-11 11:23:07.123 [INFO ] [main                                    ] c.n.d.DiscoveryClient (982) [fetchRegistry] - Application version is -1: true
2021-10-11 11:23:07.123 [INFO ] [main                                    ] c.n.d.DiscoveryClient (1065) [getAndStoreFullRegistry] - Getting all instance registry info from the eureka server
2021-10-11 11:23:07.389 [INFO ] [main                                    ] c.n.d.DiscoveryClient (1074) [getAndStoreFullRegistry] - The response status is 200
2021-10-11 11:23:07.399 [INFO ] [main                                    ] c.n.d.DiscoveryClient (1288) [initScheduledTasks] - Starting heartbeat executor: renew interval is: 30
2021-10-11 11:23:07.407 [INFO ] [main                                    ] c.n.d.InstanceInfoReplicator (60) [<init>] - InstanceInfoReplicator onDemand update allowed rate per min is 4
2021-10-11 11:23:07.419 [INFO ] [main                                    ] c.n.d.DiscoveryClient (465) [<init>] - Discovery Client initialized at timestamp 1633922587418 with initial instances count: 7
2021-10-11 11:23:07.525 [INFO ] [PollingServerListUpdater-0              ] c.n.c.ChainedDynamicProperty (115) [checkAndFlip] - Flipping property: linkis-ps-publicservice.ribbon.ActiveConnectionsLimit to use NEXT property: niws.loadbalancer.availabilityFilteringRule.activeConnectionsLimit = 2147483647
2021-10-11 11:23:10.903 [INFO ] [main                                    ] o.r.Reflections (229) [scan] - Reflections took 359 ms to scan 16 urls, producing 333 keys and 2370 values 
2021-10-11 11:23:10.957 [INFO ] [main                                    ] c.w.w.l.r.MessageRPCReceiveRestful (40) [info] - init all receiverChoosers in spring beans, list => List(com.webank.wedatasphere.linkis.rpc.MessageReceiverChooser@57421e4e, com.webank.wedatasphere.linkis.rpc.CommonReceiverChooser@3ea95f79)
2021-10-11 11:23:10.960 [INFO ] [main                                    ] c.w.w.l.r.MessageRPCReceiveRestful (40) [info] - init all receiverSenderBuilders in spring beans, list => List(com.webank.wedatasphere.linkis.rpc.CommonReceiverSenderBuilder@452d4bb2)
2021-10-11 11:23:10.964 [INFO ] [main                                    ] c.w.w.l.r.MessageRPCReceiveRestful (40) [info] - init RPCReceiverListenerBus with queueSize 5000 and consumeThreadSize 400.
2021-10-11 11:23:10.965 [INFO ] [main                                    ] c.w.w.l.r.AsynRPCMessageBus (40) [info] - RPC-Receiver-Asyn-Thread-ListenerBus add a new listener => class com.webank.wedatasphere.linkis.rpc.RPCReceiveRestful$$anon$1
2021-10-11 11:23:10.969 [INFO ] [main                                    ] c.w.w.l.r.MessageRPCReceiveRestful (40) [info] - init all receiverChoosers in spring beans, list => List(com.webank.wedatasphere.linkis.rpc.MessageReceiverChooser@57421e4e, com.webank.wedatasphere.linkis.rpc.CommonReceiverChooser@2d7b117)
2021-10-11 11:23:10.972 [INFO ] [main                                    ] c.w.w.l.r.MessageRPCReceiveRestful (40) [info] - init all receiverSenderBuilders in spring beans, list => List(com.webank.wedatasphere.linkis.rpc.CommonReceiverSenderBuilder@6affa355)
2021-10-11 11:23:11.063 [INFO ] [main                                    ] c.w.w.l.r.RPCReceiveRestful (40) [info] - init all receiverChoosers in spring beans, list => List(com.webank.wedatasphere.linkis.rpc.MessageReceiverChooser@57421e4e, com.webank.wedatasphere.linkis.rpc.CommonReceiverChooser@28f663de)
2021-10-11 11:23:11.064 [INFO ] [main                                    ] c.w.w.l.r.RPCReceiveRestful (40) [info] - init all receiverSenderBuilders in spring beans, list => List(com.webank.wedatasphere.linkis.rpc.CommonReceiverSenderBuilder@7a3c541e)
2021-10-11 11:23:11.065 [INFO ] [main                                    ] c.w.w.l.r.RPCReceiveRestful (40) [info] - init RPCReceiverListenerBus with queueSize 5000 and consumeThreadSize 400.
2021-10-11 11:23:11.065 [INFO ] [main                                    ] c.w.w.l.r.AsynRPCMessageBus (40) [info] - RPC-Receiver-Asyn-Thread-ListenerBus add a new listener => class com.webank.wedatasphere.linkis.rpc.RPCReceiveRestful$$anon$1
2021-10-11 11:23:11.282 [WARN ] [main                                    ] c.n.c.s.URLConfigurationSource (121) [<init>] - No URLs will be polled as dynamic configuration sources.
2021-10-11 11:23:11.283 [INFO ] [main                                    ] c.n.c.s.URLConfigurationSource (122) [<init>] - To enable URLs as dynamic configuration sources, define System property archaius.configurationSource.additionalUrls or make config.properties available on classpath.
2021-10-11 11:23:11.537 [INFO ] [main                                    ] o.s.s.c.ThreadPoolTaskExecutor (181) [initialize] - Initializing ExecutorService 'applicationTaskExecutor'
2021-10-11 11:23:12.020 [INFO ] [main                                    ] c.w.w.l.s.q.p.ParallelConsumerManager (40) [info] - The feature that auto clean up idle consumers for RpcMessageScheduler is enabled.
2021-10-11 11:23:12.571 [WARN ] [main                                    ] o.s.c.l.c.BlockingLoadBalancerClientAutoConfiguration$BlockingLoadBalancerClientRibbonWarnLogger (86) [logWarning] - You already have RibbonLoadBalancerClient on your classpath. It will be used by default. As Spring Cloud Ribbon is in maintenance mode. We recommend switching to BlockingLoadBalancerClient instead. In order to use it, set the value of `spring.cloud.loadbalancer.ribbon.enabled` to `false` or remove spring-cloud-starter-netflix-ribbon from your project.
2021-10-11 11:23:12.727 [INFO ] [main                                    ] o.s.b.a.e.w.EndpointLinksResolver (58) [<init>] - Exposing 2 endpoint(s) beneath base path '/actuator'
2021-10-11 11:23:12.886 [INFO ] [main                                    ] o.s.c.n.e.s.EurekaServiceRegistry (41) [register] - Registering application LINKIS-PS-CS with eureka with status UP
2021-10-11 11:23:12.888 [INFO ] [main                                    ] c.n.d.DiscoveryClient (1323) [notify] - Saw local status change event StatusChangeEvent [timestamp=1633922592888, current=UP, previous=STARTING]
2021-10-11 11:23:12.897 [INFO ] [DiscoveryClient-InstanceInfoReplicator-0] c.n.d.DiscoveryClient (844) [register] - DiscoveryClient_LINKIS-PS-CS/10.18.58.173:linkis-ps-cs:9108: registering service...
2021-10-11 11:23:13.022 [INFO ] [DiscoveryClient-InstanceInfoReplicator-0] c.n.d.DiscoveryClient (853) [register] - DiscoveryClient_LINKIS-PS-CS/10.18.58.173:linkis-ps-cs:9108 - registration status: 204
2021-10-11 11:23:13.028 [INFO ] [Linkis-Default-Scheduler-Thread-2       ] c.w.w.l.s.q.p.ParallelConsumerManager (40) [info] - Start to Clean up idle consumers 
2021-10-11 11:23:13.033 [INFO ] [Linkis-Default-Scheduler-Thread-2       ] c.w.w.l.s.q.p.ParallelConsumerManager (40) [info] - Finished to clean up idle consumers for RpcMessageScheduler, cost 1 ms.
2021-10-11 11:23:13.052 [INFO ] [main                                    ] o.e.j.s.h.C.application (2232) [log] - Initializing Spring DispatcherServlet 'dispatcherServlet'
2021-10-11 11:23:13.053 [INFO ] [main                                    ] o.s.w.s.DispatcherServlet (525) [initServletBean] - Initializing Servlet 'dispatcherServlet'
2021-10-11 11:23:13.102 [INFO ] [main                                    ] o.s.w.s.DispatcherServlet (547) [initServletBean] - Completed initialization in 49 ms
2021-10-11 11:23:13.201 [INFO ] [main                                    ] o.e.j.s.AbstractConnector (293) [doStart] - Started ServerConnector@35a9e665{HTTP/1.1,[http/1.1]}{0.0.0.0:9108}
2021-10-11 11:23:13.210 [INFO ] [main                                    ] o.s.b.w.e.j.JettyWebServer (185) [start] - Jetty started on port(s) 9108 (http/1.1) with context path '/'
2021-10-11 11:23:13.219 [INFO ] [main                                    ] o.s.c.n.e.s.EurekaAutoServiceRegistration (145) [onApplicationEvent] - Updating port to 9108
2021-10-11 11:23:13.242 [INFO ] [main                                    ] c.w.w.l.r.c.RPCSpringConfiguration$$EnhancerBySpringCGLIB$$84a3c300 (40) [info] - DataWorkCloud RPC need register RPCReceiveRestful, now add it to configuration.
2021-10-11 11:23:13.242 [INFO ] [main                                    ] c.w.w.l.DataWorkCloudApplication (84) [onApplicationEvent] - add config from config server...
2021-10-11 11:23:13.243 [INFO ] [main                                    ] c.w.w.l.DataWorkCloudApplication (89) [onApplicationEvent] - initialize DataWorkCloud spring application...
2021-10-11 11:23:13.297 [INFO ] [main                                    ] c.w.w.l.DataWorkCloudApplication (61) [logStarted] - Started DataWorkCloudApplication in 22.146 seconds (JVM running for 25.431)
2021-10-11 11:28:07.171 [INFO ] [AsyncResolver-bootstrap-executor-0      ] c.n.d.s.r.a.ConfigClusterResolver (43) [getClusterEndpoints] - Resolving eureka endpoints via configuration
2021-10-11 11:33:07.244 [INFO ] [AsyncResolver-bootstrap-executor-0      ] c.n.d.s.r.a.ConfigClusterResolver (43) [getClusterEndpoints] - Resolving eureka endpoints via configuration
2021-10-11 11:38:07.274 [INFO ] [AsyncResolver-bootstrap-executor-0      ] c.n.d.s.r.a.ConfigClusterResolver (43) [getClusterEndpoints] - Resolving eureka endpoints via configuration
2021-10-11 11:43:07.330 [INFO ] [AsyncResolver-bootstrap-executor-0      ] c.n.d.s.r.a.ConfigClusterResolver (43) [getClusterEndpoints] - Resolving eureka endpoints via configuration
2021-10-11 11:48:07.393 [INFO ] [AsyncResolver-bootstrap-executor-0      ] c.n.d.s.r.a.ConfigClusterResolver (43) [getClusterEndpoints] - Resolving eureka endpoints via configuration
2021-10-11 12:08:29.265 [INFO ] [AsyncResolver-bootstrap-executor-0      ] c.n.d.s.r.a.ConfigClusterResolver (43) [getClusterEndpoints] - Resolving eureka endpoints via configuration
2021-10-11 12:13:29.368 [INFO ] [AsyncResolver-bootstrap-executor-0      ] c.n.d.s.r.a.ConfigClusterResolver (43) [getClusterEndpoints] - Resolving eureka endpoints via configuration
2021-10-11 12:18:29.402 [INFO ] [AsyncResolver-bootstrap-executor-0      ] c.n.d.s.r.a.ConfigClusterResolver (43) [getClusterEndpoints] - Resolving eureka endpoints via configuration
2021-10-11 12:23:29.530 [INFO ] [AsyncResolver-bootstrap-executor-0      ] c.n.d.s.r.a.ConfigClusterResolver (43) [getClusterEndpoints] - Resolving eureka endpoints via configuration
2021-10-11 12:28:29.594 [INFO ] [AsyncResolver-bootstrap-executor-0      ] c.n.d.s.r.a.ConfigClusterResolver (43) [getClusterEndpoints] - Resolving eureka endpoints via configuration
2021-10-11 12:48:35.570 [INFO ] [AsyncResolver-bootstrap-executor-0      ] c.n.d.s.r.a.ConfigClusterResolver (43) [getClusterEndpoints] - Resolving eureka endpoints via configuration
2021-10-11 12:53:35.585 [INFO ] [AsyncResolver-bootstrap-executor-0      ] c.n.d.s.r.a.ConfigClusterResolver (43) [getClusterEndpoints] - Resolving eureka endpoints via configuration
2021-10-11 12:58:35.593 [INFO ] [AsyncResolver-bootstrap-executor-0      ] c.n.d.s.r.a.ConfigClusterResolver (43) [getClusterEndpoints] - Resolving eureka endpoints via configuration
2021-10-11 13:03:35.603 [INFO ] [AsyncResolver-bootstrap-executor-0      ] c.n.d.s.r.a.ConfigClusterResolver (43) [getClusterEndpoints] - Resolving eureka endpoints via configuration
2021-10-11 13:08:35.618 [INFO ] [AsyncResolver-bootstrap-executor-0      ] c.n.d.s.r.a.ConfigClusterResolver (43) [getClusterEndpoints] - Resolving eureka endpoints via configuration
2021-10-11 13:13:35.624 [INFO ] [AsyncResolver-bootstrap-executor-0      ] c.n.d.s.r.a.ConfigClusterResolver (43) [getClusterEndpoints] - Resolving eureka endpoints via configuration
2021-10-11 13:18:35.627 [INFO ] [AsyncResolver-bootstrap-executor-0      ] c.n.d.s.r.a.ConfigClusterResolver (43) [getClusterEndpoints] - Resolving eureka endpoints via configuration
2021-10-11 13:23:35.636 [INFO ] [AsyncResolver-bootstrap-executor-0      ] c.n.d.s.r.a.ConfigClusterResolver (43) [getClusterEndpoints] - Resolving eureka endpoints via configuration
2021-10-11 13:28:35.656 [INFO ] [AsyncResolver-bootstrap-executor-0      ] c.n.d.s.r.a.ConfigClusterResolver (43) [getClusterEndpoints] - Resolving eureka endpoints via configuration
2021-10-11 13:33:35.696 [INFO ] [AsyncResolver-bootstrap-executor-0      ] c.n.d.s.r.a.ConfigClusterResolver (43) [getClusterEndpoints] - Resolving eureka endpoints via configuration
2021-10-11 13:38:35.756 [INFO ] [AsyncResolver-bootstrap-executor-0      ] c.n.d.s.r.a.ConfigClusterResolver (43) [getClusterEndpoints] - Resolving eureka endpoints via configuration
2021-10-11 13:43:35.783 [INFO ] [AsyncResolver-bootstrap-executor-0      ] c.n.d.s.r.a.ConfigClusterResolver (43) [getClusterEndpoints] - Resolving eureka endpoints via configuration
2021-10-11 13:48:35.805 [INFO ] [AsyncResolver-bootstrap-executor-0      ] c.n.d.s.r.a.ConfigClusterResolver (43) [getClusterEndpoints] - Resolving eureka endpoints via configuration
2021-10-11 13:53:35.829 [INFO ] [AsyncResolver-bootstrap-executor-0      ] c.n.d.s.r.a.ConfigClusterResolver (43) [getClusterEndpoints] - Resolving eureka endpoints via configuration
2021-10-11 13:58:35.842 [INFO ] [AsyncResolver-bootstrap-executor-0      ] c.n.d.s.r.a.ConfigClusterResolver (43) [getClusterEndpoints] - Resolving eureka endpoints via configuration
2021-10-11 14:03:35.857 [INFO ] [AsyncResolver-bootstrap-executor-0      ] c.n.d.s.r.a.ConfigClusterResolver (43) [getClusterEndpoints] - Resolving eureka endpoints via configuration
2021-10-11 14:08:35.873 [INFO ] [AsyncResolver-bootstrap-executor-0      ] c.n.d.s.r.a.ConfigClusterResolver (43) [getClusterEndpoints] - Resolving eureka endpoints via configuration
2021-10-11 14:13:35.900 [INFO ] [AsyncResolver-bootstrap-executor-0      ] c.n.d.s.r.a.ConfigClusterResolver (43) [getClusterEndpoints] - Resolving eureka endpoints via configuration
2021-10-11 14:18:35.932 [INFO ] [AsyncResolver-bootstrap-executor-0      ] c.n.d.s.r.a.ConfigClusterResolver (43) [getClusterEndpoints] - Resolving eureka endpoints via configuration
2021-10-11 14:23:35.944 [INFO ] [AsyncResolver-bootstrap-executor-0      ] c.n.d.s.r.a.ConfigClusterResolver (43) [getClusterEndpoints] - Resolving eureka endpoints via configuration
2021-10-11 14:28:35.948 [INFO ] [AsyncResolver-bootstrap-executor-0      ] c.n.d.s.r.a.ConfigClusterResolver (43) [getClusterEndpoints] - Resolving eureka endpoints via configuration
2021-10-11 14:33:35.959 [INFO ] [AsyncResolver-bootstrap-executor-0      ] c.n.d.s.r.a.ConfigClusterResolver (43) [getClusterEndpoints] - Resolving eureka endpoints via configuration
2021-10-11 14:38:35.987 [INFO ] [AsyncResolver-bootstrap-executor-0      ] c.n.d.s.r.a.ConfigClusterResolver (43) [getClusterEndpoints] - Resolving eureka endpoints via configuration
2021-10-11 14:51:27.615 [INFO ] [AsyncResolver-bootstrap-executor-0      ] c.n.d.s.r.a.ConfigClusterResolver (43) [getClusterEndpoints] - Resolving eureka endpoints via configuration
2021-10-11 14:56:27.618 [INFO ] [AsyncResolver-bootstrap-executor-0      ] c.n.d.s.r.a.ConfigClusterResolver (43) [getClusterEndpoints] - Resolving eureka endpoints via configuration
2021-10-11 15:01:27.618 [INFO ] [AsyncResolver-bootstrap-executor-0      ] c.n.d.s.r.a.ConfigClusterResolver (43) [getClusterEndpoints] - Resolving eureka endpoints via configuration
2021-10-11 15:06:27.621 [INFO ] [AsyncResolver-bootstrap-executor-0      ] c.n.d.s.r.a.ConfigClusterResolver (43) [getClusterEndpoints] - Resolving eureka endpoints via configuration
2021-10-11 15:11:27.622 [INFO ] [AsyncResolver-bootstrap-executor-0      ] c.n.d.s.r.a.ConfigClusterResolver (43) [getClusterEndpoints] - Resolving eureka endpoints via configuration
2021-10-11 15:16:27.637 [INFO ] [AsyncResolver-bootstrap-executor-0      ] c.n.d.s.r.a.ConfigClusterResolver (43) [getClusterEndpoints] - Resolving eureka endpoints via configuration
2021-10-11 15:21:27.667 [INFO ] [AsyncResolver-bootstrap-executor-0      ] c.n.d.s.r.a.ConfigClusterResolver (43) [getClusterEndpoints] - Resolving eureka endpoints via configuration
2021-10-11 15:26:27.673 [INFO ] [AsyncResolver-bootstrap-executor-0      ] c.n.d.s.r.a.ConfigClusterResolver (43) [getClusterEndpoints] - Resolving eureka endpoints via configuration
2021-10-11 15:31:27.680 [INFO ] [AsyncResolver-bootstrap-executor-0      ] c.n.d.s.r.a.ConfigClusterResolver (43) [getClusterEndpoints] - Resolving eureka endpoints via configuration
2021-10-11 15:36:27.682 [INFO ] [AsyncResolver-bootstrap-executor-0      ] c.n.d.s.r.a.ConfigClusterResolver (43) [getClusterEndpoints] - Resolving eureka endpoints via configuration
2021-10-11 15:41:27.686 [INFO ] [AsyncResolver-bootstrap-executor-0      ] c.n.d.s.r.a.ConfigClusterResolver (43) [getClusterEndpoints] - Resolving eureka endpoints via configuration
2021-10-11 15:46:27.693 [INFO ] [AsyncResolver-bootstrap-executor-0      ] c.n.d.s.r.a.ConfigClusterResolver (43) [getClusterEndpoints] - Resolving eureka endpoints via configuration
