2021-10-11 11:23:50.126 [INFO ] [main                                    ] c.w.w.l.LinkisBaseServerApp (47) [main] - Ready to start linkis-cg-engineplugin with args: --spring.profiles.active=linkis
--server.port=9103
--application.name=linkis-cg-engineplugin.
2021-10-11 11:23:52.800 [INFO ] [main                                    ] o.s.c.c.c.ConfigServicePropertySourceLocator (249) [getRemoteEnvironment] - Fetching config from server at : http://localhost:8888
2021-10-11 11:23:52.988 [INFO ] [main                                    ] o.s.c.c.c.ConfigServicePropertySourceLocator (273) [getRemoteEnvironment] - Connect Timeout Exception on Url - http://localhost:8888. Will be trying the next url if available
2021-10-11 11:23:52.989 [WARN ] [main                                    ] o.s.c.c.c.ConfigServicePropertySourceLocator (152) [locate] - Could not locate PropertySource: I/O error on GET request for "http://localhost:8888/linkis-cg-engineplugin/linkis": Connection refused (Connection refused); nested exception is java.net.ConnectException: Connection refused (Connection refused)
2021-10-11 11:23:53.005 [INFO ] [main                                    ] c.w.w.l.DataWorkCloudApplication (655) [logStartupProfileInfo] - The following profiles are active: linkis
2021-10-11 11:23:53.136 [INFO ] [main                                    ] c.w.w.l.DataWorkCloudApplication (84) [onApplicationEvent] - add config from config server...
2021-10-11 11:23:53.136 [INFO ] [main                                    ] c.w.w.l.DataWorkCloudApplication (89) [onApplicationEvent] - initialize DataWorkCloud spring application...
2021-10-11 11:23:56.068 [INFO ] [main                                    ] o.s.c.a.ConfigurationClassPostProcessor (403) [enhanceConfigurationClasses] - Cannot enhance @Configuration bean definition 'myBatisMapperScannerConfig' since its singleton instance has been created too early. The typical cause is a non-static @Bean method with a BeanDefinitionRegistryPostProcessor return type: Consider declaring such methods as 'static'.
2021-10-11 11:23:56.327 [INFO ] [main                                    ] o.s.c.c.s.GenericScope (295) [setSerializationId] - BeanFactory id=fae36223-8797-325b-8214-882f97724a27
2021-10-11 11:23:57.406 [INFO ] [main                                    ] o.e.j.u.log (169) [initialized] - Logging initialized @9458ms to org.eclipse.jetty.util.log.Slf4jLog
2021-10-11 11:23:57.936 [INFO ] [main                                    ] o.s.b.w.e.j.JettyServletWebServerFactory (147) [getWebServer] - Server initialized with port: 9103
2021-10-11 11:23:57.967 [INFO ] [main                                    ] o.e.j.s.Server (359) [doStart] - jetty-9.4.30.v20200611; built: 2020-06-11T12:34:51.929Z; git: 271836e4c1f4612f12b7bb13ef5a92a927634b0d; jvm 1.8.0_301-b09
2021-10-11 11:23:58.042 [INFO ] [main                                    ] o.e.j.s.h.C.application (2232) [log] - Initializing Spring embedded WebApplicationContext
2021-10-11 11:23:58.043 [INFO ] [main                                    ] o.s.b.w.s.c.ServletWebServerApplicationContext (285) [prepareWebApplicationContext] - Root WebApplicationContext: initialization completed in 4903 ms
2021-10-11 11:23:58.568 [WARN ] [main                                    ] c.n.c.s.URLConfigurationSource (121) [<init>] - No URLs will be polled as dynamic configuration sources.
2021-10-11 11:23:58.569 [INFO ] [main                                    ] c.n.c.s.URLConfigurationSource (122) [<init>] - To enable URLs as dynamic configuration sources, define System property archaius.configurationSource.additionalUrls or make config.properties available on classpath.
2021-10-11 11:23:58.585 [INFO ] [main                                    ] c.n.c.DynamicPropertyFactory (281) [getInstance] - DynamicPropertyFactory is initialized with configuration sources: com.netflix.config.ConcurrentCompositeConfiguration@34fc315d
2021-10-11 11:23:59.051 [WARN ] [main                                    ] o.s.b.a.e.EndpointId (155) [logWarning] - Endpoint ID 'service-registry' contains invalid characters, please migrate to a valid format.
2021-10-11 11:23:59.296 [INFO ] [main                                    ] o.e.j.s.session (333) [doStart] - DefaultSessionIdManager workerName=node0
2021-10-11 11:23:59.298 [INFO ] [main                                    ] o.e.j.s.session (338) [doStart] - No SessionScavenger set, using defaults
2021-10-11 11:23:59.300 [INFO ] [main                                    ] o.e.j.s.session (140) [startScavenging] - node0 Scavenging every 600000ms
2021-10-11 11:23:59.307 [INFO ] [main                                    ] o.e.j.s.h.ContextHandler (824) [doStart] - Started o.s.b.w.e.j.JettyEmbeddedWebAppContext@31c5304f{application,/,[file:///private/var/folders/hw/68_mltw17zb0pj2gvsx9yf9r0000gn/T/jetty-docbase.1159883611716765673.9103/],AVAILABLE}
2021-10-11 11:23:59.309 [INFO ] [main                                    ] o.e.j.s.Server (399) [doStart] - Started @11363ms
2021-10-11 11:23:59.601 [INFO ] [main                                    ] c.w.w.l.c.c.Configuration$ (40) [info] - gatewayUrl is http://127.0.0.1:9001
2021-10-11 11:24:00.543 [INFO ] [main                                    ] c.w.w.l.c.c.Configuration$ (40) [info] - linkisHome is /Users/zhennan/Documents/Linkis_alone_1.0.2/Linkis-release_l.0.2/Linkis-release-1.0.2/assembly-combined-package/assembly-combined/target/wedatasphere-linkis-1.0.2-combined-dist
2021-10-11 11:24:00.628 [INFO ] [main                                    ] c.w.w.l.m.DataSourceConfig$$EnhancerBySpringCGLIB$$8b032342 (35) [info] - Database connection address information(数据库连接地址信息)=jdbc:mysql://localhost:3306/linkis?characterEncoding=UTF-8
2021-10-11 11:24:00.710 [INFO ] [main                                    ] c.w.w.l.m.MybatisConfigurationFactory$$EnhancerBySpringCGLIB$$eb8b70dc (35) [info] - Mybatis typeAliasesPackage=
2021-10-11 11:24:00.710 [INFO ] [main                                    ] c.w.w.l.m.MybatisConfigurationFactory$$EnhancerBySpringCGLIB$$eb8b70dc (35) [info] - Mybatis mapperLocations=classpath:com/webank/wedatasphere/linkis/engineplugin/server/dao/impl/*.xml
2021-10-11 11:24:00.711 [INFO ] [main                                    ] c.w.w.l.m.MybatisConfigurationFactory$$EnhancerBySpringCGLIB$$eb8b70dc (35) [info] - Mybatis configLocation=classpath:/mybatis-config.xml
2021-10-11 11:24:01.482 [INFO ] [main                                    ] c.w.w.l.e.s.s.DefaultEngineConnResourceService (40) [info] - Start to refresh all engineconn plugins when inited.
2021-10-11 11:24:01.501 [INFO ] [Linkis-Default-Scheduler-Thread-1       ] c.w.w.l.e.s.s.DefaultEngineConnResourceService (40) [info] - Try to initialize the dist resources of all EngineConns.
2021-10-11 11:24:01.544 [INFO ] [Linkis-Default-Scheduler-Thread-1       ] c.w.w.l.e.s.s.DefaultEngineConnResourceService (40) [info] - Try to initialize all versions of pythonEngineConn.
2021-10-11 11:24:02.841 [INFO ] [Linkis-Default-Scheduler-Thread-1       ] c.w.w.l.e.s.s.DefaultEngineConnResourceService (40) [info] - Try to initialize pythonEngineConn-vpython2.
2021-10-11 11:24:03.363 [INFO ] [main                                    ] o.r.Reflections (229) [scan] - Reflections took 1402 ms to scan 20 urls, producing 325 keys and 3455 values 
2021-10-11 11:24:03.553 [INFO ] [main                                    ] c.w.w.l.r.MessageRPCReceiveRestful (40) [info] - init all receiverChoosers in spring beans, list => List(com.webank.wedatasphere.linkis.rpc.MessageReceiverChooser@54a5799f, com.webank.wedatasphere.linkis.rpc.CommonReceiverChooser@5543d800)
2021-10-11 11:24:03.564 [INFO ] [main                                    ] c.w.w.l.r.MessageRPCReceiveRestful (40) [info] - init all receiverSenderBuilders in spring beans, list => List(com.webank.wedatasphere.linkis.rpc.CommonReceiverSenderBuilder@5b643d6e)
2021-10-11 11:24:03.588 [INFO ] [main                                    ] c.w.w.l.r.MessageRPCReceiveRestful (40) [info] - init RPCReceiverListenerBus with queueSize 5000 and consumeThreadSize 400.
2021-10-11 11:24:03.590 [INFO ] [main                                    ] c.w.w.l.r.AsynRPCMessageBus (40) [info] - RPC-Receiver-Asyn-Thread-ListenerBus add a new listener => class com.webank.wedatasphere.linkis.rpc.RPCReceiveRestful$$anon$1
2021-10-11 11:24:03.596 [INFO ] [main                                    ] c.w.w.l.r.MessageRPCReceiveRestful (40) [info] - init all receiverChoosers in spring beans, list => List(com.webank.wedatasphere.linkis.rpc.MessageReceiverChooser@54a5799f, com.webank.wedatasphere.linkis.rpc.CommonReceiverChooser@2b4ba2d9)
2021-10-11 11:24:03.610 [INFO ] [main                                    ] c.w.w.l.r.MessageRPCReceiveRestful (40) [info] - init all receiverSenderBuilders in spring beans, list => List(com.webank.wedatasphere.linkis.rpc.CommonReceiverSenderBuilder@2c6efee3)
2021-10-11 11:24:03.762 [INFO ] [main                                    ] c.w.w.l.r.RPCReceiveRestful (40) [info] - init all receiverChoosers in spring beans, list => List(com.webank.wedatasphere.linkis.rpc.MessageReceiverChooser@54a5799f, com.webank.wedatasphere.linkis.rpc.CommonReceiverChooser@558575fe)
2021-10-11 11:24:03.762 [INFO ] [main                                    ] c.w.w.l.r.RPCReceiveRestful (40) [info] - init all receiverSenderBuilders in spring beans, list => List(com.webank.wedatasphere.linkis.rpc.CommonReceiverSenderBuilder@25fcdcc6)
2021-10-11 11:24:03.764 [INFO ] [main                                    ] c.w.w.l.r.RPCReceiveRestful (40) [info] - init RPCReceiverListenerBus with queueSize 5000 and consumeThreadSize 400.
2021-10-11 11:24:03.765 [INFO ] [main                                    ] c.w.w.l.r.AsynRPCMessageBus (40) [info] - RPC-Receiver-Asyn-Thread-ListenerBus add a new listener => class com.webank.wedatasphere.linkis.rpc.RPCReceiveRestful$$anon$1
2021-10-11 11:24:04.041 [INFO ] [Linkis-Default-Scheduler-Thread-1       ] c.w.w.l.e.s.s.DefaultEngineConnResourceService (40) [info] - The file has no change in pythonEngineConn-vpython2, path: lib.zip
2021-10-11 11:24:04.043 [INFO ] [Linkis-Default-Scheduler-Thread-1       ] c.w.w.l.e.s.s.DefaultEngineConnResourceService (40) [info] - The file has no change in pythonEngineConn-vpython2, path: conf.zip
2021-10-11 11:24:04.043 [INFO ] [Linkis-Default-Scheduler-Thread-1       ] c.w.w.l.e.s.s.DefaultEngineConnResourceService (40) [info] - Try to initialize all versions of shellEngineConn.
2021-10-11 11:24:04.476 [INFO ] [Linkis-Default-Scheduler-Thread-1       ] c.w.w.l.e.s.s.DefaultEngineConnResourceService (40) [info] - Try to initialize shellEngineConn-v1.
2021-10-11 11:24:04.483 [INFO ] [Linkis-Default-Scheduler-Thread-1       ] c.w.w.l.e.s.s.DefaultEngineConnResourceService (40) [info] - The file has no change in shellEngineConn-v1, path: lib.zip
2021-10-11 11:24:04.483 [INFO ] [Linkis-Default-Scheduler-Thread-1       ] c.w.w.l.e.s.s.DefaultEngineConnResourceService (40) [info] - The file has no change in shellEngineConn-v1, path: conf.zip
2021-10-11 11:24:04.483 [INFO ] [Linkis-Default-Scheduler-Thread-1       ] c.w.w.l.e.s.s.DefaultEngineConnResourceService (40) [info] - Try to initialize all versions of hiveEngineConn.
2021-10-11 11:24:05.249 [INFO ] [main                                    ] o.s.c.c.u.InetUtils (170) [convertAddress] - Cannot determine local hostname
2021-10-11 11:24:06.270 [INFO ] [Linkis-Default-Scheduler-Thread-1       ] c.w.w.l.e.s.s.DefaultEngineConnResourceService (40) [info] - Try to initialize hiveEngineConn-v2.3.3.
2021-10-11 11:24:06.276 [INFO ] [Linkis-Default-Scheduler-Thread-1       ] c.w.w.l.e.s.s.DefaultEngineConnResourceService (40) [info] - The file has no change in hiveEngineConn-v2.3.3, path: lib.zip
2021-10-11 11:24:06.276 [INFO ] [Linkis-Default-Scheduler-Thread-1       ] c.w.w.l.e.s.s.DefaultEngineConnResourceService (40) [info] - The file has no change in hiveEngineConn-v2.3.3, path: conf.zip
2021-10-11 11:24:06.276 [INFO ] [Linkis-Default-Scheduler-Thread-1       ] c.w.w.l.e.s.s.DefaultEngineConnResourceService (40) [info] - Try to initialize all versions of sparkEngineConn.
2021-10-11 11:24:06.478 [INFO ] [main                                    ] o.s.c.c.u.InetUtils (170) [convertAddress] - Cannot determine local hostname
2021-10-11 11:24:06.529 [INFO ] [main                                    ] o.s.c.n.e.InstanceInfoFactory (72) [create] - Setting initial instance status as: STARTING
2021-10-11 11:24:06.579 [INFO ] [main                                    ] c.n.d.DiscoveryClient (365) [<init>] - Initializing Eureka in region us-east-1
2021-10-11 11:24:06.649 [INFO ] [main                                    ] c.n.d.p.DiscoveryJerseyProvider (70) [<init>] - Using JSON encoding codec LegacyJacksonJson
2021-10-11 11:24:06.649 [INFO ] [main                                    ] c.n.d.p.DiscoveryJerseyProvider (71) [<init>] - Using JSON decoding codec LegacyJacksonJson
2021-10-11 11:24:06.797 [INFO ] [main                                    ] c.n.d.p.DiscoveryJerseyProvider (80) [<init>] - Using XML encoding codec XStreamXml
2021-10-11 11:24:06.797 [INFO ] [main                                    ] c.n.d.p.DiscoveryJerseyProvider (81) [<init>] - Using XML decoding codec XStreamXml
2021-10-11 11:24:07.716 [INFO ] [main                                    ] c.n.d.s.r.a.ConfigClusterResolver (43) [getClusterEndpoints] - Resolving eureka endpoints via configuration
2021-10-11 11:24:07.772 [INFO ] [main                                    ] c.n.d.DiscoveryClient (976) [fetchRegistry] - Disable delta property : false
2021-10-11 11:24:07.773 [INFO ] [main                                    ] c.n.d.DiscoveryClient (977) [fetchRegistry] - Single vip registry refresh property : null
2021-10-11 11:24:07.773 [INFO ] [main                                    ] c.n.d.DiscoveryClient (978) [fetchRegistry] - Force full registry fetch : false
2021-10-11 11:24:07.773 [INFO ] [main                                    ] c.n.d.DiscoveryClient (979) [fetchRegistry] - Application is null : false
2021-10-11 11:24:07.773 [INFO ] [main                                    ] c.n.d.DiscoveryClient (980) [fetchRegistry] - Registered Applications size is zero : true
2021-10-11 11:24:07.773 [INFO ] [main                                    ] c.n.d.DiscoveryClient (982) [fetchRegistry] - Application version is -1: true
2021-10-11 11:24:07.773 [INFO ] [main                                    ] c.n.d.DiscoveryClient (1065) [getAndStoreFullRegistry] - Getting all instance registry info from the eureka server
2021-10-11 11:24:08.160 [INFO ] [main                                    ] c.n.d.DiscoveryClient (1074) [getAndStoreFullRegistry] - The response status is 200
2021-10-11 11:24:08.173 [INFO ] [main                                    ] c.n.d.DiscoveryClient (1288) [initScheduledTasks] - Starting heartbeat executor: renew interval is: 30
2021-10-11 11:24:08.178 [INFO ] [main                                    ] c.n.d.InstanceInfoReplicator (60) [<init>] - InstanceInfoReplicator onDemand update allowed rate per min is 4
2021-10-11 11:24:08.205 [INFO ] [main                                    ] c.n.d.DiscoveryClient (465) [<init>] - Discovery Client initialized at timestamp 1633922648204 with initial instances count: 7
2021-10-11 11:24:08.495 [INFO ] [Linkis-Default-Scheduler-Thread-1       ] c.w.w.l.e.s.s.DefaultEngineConnResourceService (40) [info] - Try to initialize sparkEngineConn-v2.4.3.
2021-10-11 11:24:08.514 [INFO ] [Linkis-Default-Scheduler-Thread-1       ] c.w.w.l.e.s.s.DefaultEngineConnResourceService (40) [info] - The file has no change in sparkEngineConn-v2.4.3, path: lib.zip
2021-10-11 11:24:08.515 [INFO ] [Linkis-Default-Scheduler-Thread-1       ] c.w.w.l.e.s.s.DefaultEngineConnResourceService (40) [info] - The file has no change in sparkEngineConn-v2.4.3, path: conf.zip
2021-10-11 11:24:08.653 [WARN ] [main                                    ] c.n.c.s.URLConfigurationSource (121) [<init>] - No URLs will be polled as dynamic configuration sources.
2021-10-11 11:24:08.653 [INFO ] [main                                    ] c.n.c.s.URLConfigurationSource (122) [<init>] - To enable URLs as dynamic configuration sources, define System property archaius.configurationSource.additionalUrls or make config.properties available on classpath.
2021-10-11 11:24:09.144 [INFO ] [main                                    ] o.s.s.c.ThreadPoolTaskExecutor (181) [initialize] - Initializing ExecutorService 'applicationTaskExecutor'
2021-10-11 11:24:09.728 [INFO ] [main                                    ] c.w.w.l.s.q.p.ParallelConsumerManager (40) [info] - The feature that auto clean up idle consumers for RpcMessageScheduler is enabled.
2021-10-11 11:24:10.330 [WARN ] [main                                    ] o.s.c.l.c.BlockingLoadBalancerClientAutoConfiguration$BlockingLoadBalancerClientRibbonWarnLogger (86) [logWarning] - You already have RibbonLoadBalancerClient on your classpath. It will be used by default. As Spring Cloud Ribbon is in maintenance mode. We recommend switching to BlockingLoadBalancerClient instead. In order to use it, set the value of `spring.cloud.loadbalancer.ribbon.enabled` to `false` or remove spring-cloud-starter-netflix-ribbon from your project.
2021-10-11 11:24:10.521 [INFO ] [main                                    ] o.s.b.a.e.w.EndpointLinksResolver (58) [<init>] - Exposing 2 endpoint(s) beneath base path '/actuator'
2021-10-11 11:24:10.740 [INFO ] [Linkis-Default-Scheduler-Thread-1       ] c.w.w.l.s.q.p.ParallelConsumerManager (40) [info] - Start to Clean up idle consumers 
2021-10-11 11:24:10.745 [INFO ] [main                                    ] o.s.c.n.e.s.EurekaServiceRegistry (41) [register] - Registering application LINKIS-CG-ENGINEPLUGIN with eureka with status UP
2021-10-11 11:24:10.748 [INFO ] [main                                    ] c.n.d.DiscoveryClient (1323) [notify] - Saw local status change event StatusChangeEvent [timestamp=1633922650748, current=UP, previous=STARTING]
2021-10-11 11:24:10.759 [INFO ] [Linkis-Default-Scheduler-Thread-1       ] c.w.w.l.s.q.p.ParallelConsumerManager (40) [info] - Finished to clean up idle consumers for RpcMessageScheduler, cost 16 ms.
2021-10-11 11:24:10.763 [INFO ] [DiscoveryClient-InstanceInfoReplicator-0] c.n.d.DiscoveryClient (844) [register] - DiscoveryClient_LINKIS-CG-ENGINEPLUGIN/10.18.58.173:linkis-cg-engineplugin:9103: registering service...
2021-10-11 11:24:10.984 [INFO ] [DiscoveryClient-InstanceInfoReplicator-0] c.n.d.DiscoveryClient (853) [register] - DiscoveryClient_LINKIS-CG-ENGINEPLUGIN/10.18.58.173:linkis-cg-engineplugin:9103 - registration status: 204
2021-10-11 11:24:10.987 [INFO ] [main                                    ] o.e.j.s.h.C.application (2232) [log] - Initializing Spring DispatcherServlet 'dispatcherServlet'
2021-10-11 11:24:10.987 [INFO ] [main                                    ] o.s.w.s.DispatcherServlet (525) [initServletBean] - Initializing Servlet 'dispatcherServlet'
2021-10-11 11:24:11.029 [INFO ] [main                                    ] o.s.w.s.DispatcherServlet (547) [initServletBean] - Completed initialization in 42 ms
2021-10-11 11:24:11.114 [INFO ] [main                                    ] o.e.j.s.AbstractConnector (293) [doStart] - Started ServerConnector@727956bb{HTTP/1.1,[http/1.1]}{0.0.0.0:9103}
2021-10-11 11:24:11.122 [INFO ] [main                                    ] o.s.b.w.e.j.JettyWebServer (185) [start] - Jetty started on port(s) 9103 (http/1.1) with context path '/'
2021-10-11 11:24:11.127 [INFO ] [main                                    ] o.s.c.n.e.s.EurekaAutoServiceRegistration (145) [onApplicationEvent] - Updating port to 9103
2021-10-11 11:24:11.163 [INFO ] [main                                    ] c.w.w.l.r.c.RPCSpringConfiguration$$EnhancerBySpringCGLIB$$6ac64a75 (40) [info] - DataWorkCloud RPC need register RPCReceiveRestful, now add it to configuration.
2021-10-11 11:24:11.164 [INFO ] [main                                    ] c.w.w.l.DataWorkCloudApplication (84) [onApplicationEvent] - add config from config server...
2021-10-11 11:24:11.164 [INFO ] [main                                    ] c.w.w.l.DataWorkCloudApplication (89) [onApplicationEvent] - initialize DataWorkCloud spring application...
2021-10-11 11:24:11.242 [INFO ] [main                                    ] c.w.w.l.DataWorkCloudApplication (61) [logStarted] - Started DataWorkCloudApplication in 20.667 seconds (JVM running for 23.289)
2021-10-11 11:29:07.988 [INFO ] [AsyncResolver-bootstrap-executor-0      ] c.n.d.s.r.a.ConfigClusterResolver (43) [getClusterEndpoints] - Resolving eureka endpoints via configuration
2021-10-11 11:34:08.037 [INFO ] [AsyncResolver-bootstrap-executor-0      ] c.n.d.s.r.a.ConfigClusterResolver (43) [getClusterEndpoints] - Resolving eureka endpoints via configuration
2021-10-11 11:39:08.067 [INFO ] [AsyncResolver-bootstrap-executor-0      ] c.n.d.s.r.a.ConfigClusterResolver (43) [getClusterEndpoints] - Resolving eureka endpoints via configuration
2021-10-11 11:44:08.093 [INFO ] [AsyncResolver-bootstrap-executor-0      ] c.n.d.s.r.a.ConfigClusterResolver (43) [getClusterEndpoints] - Resolving eureka endpoints via configuration
2021-10-11 11:49:08.110 [INFO ] [AsyncResolver-bootstrap-executor-0      ] c.n.d.s.r.a.ConfigClusterResolver (43) [getClusterEndpoints] - Resolving eureka endpoints via configuration
2021-10-11 12:09:29.968 [INFO ] [AsyncResolver-bootstrap-executor-0      ] c.n.d.s.r.a.ConfigClusterResolver (43) [getClusterEndpoints] - Resolving eureka endpoints via configuration
2021-10-11 12:14:29.998 [INFO ] [AsyncResolver-bootstrap-executor-0      ] c.n.d.s.r.a.ConfigClusterResolver (43) [getClusterEndpoints] - Resolving eureka endpoints via configuration
2021-10-11 12:19:30.008 [INFO ] [AsyncResolver-bootstrap-executor-0      ] c.n.d.s.r.a.ConfigClusterResolver (43) [getClusterEndpoints] - Resolving eureka endpoints via configuration
2021-10-11 12:24:30.046 [INFO ] [AsyncResolver-bootstrap-executor-0      ] c.n.d.s.r.a.ConfigClusterResolver (43) [getClusterEndpoints] - Resolving eureka endpoints via configuration
2021-10-11 12:44:36.037 [INFO ] [AsyncResolver-bootstrap-executor-0      ] c.n.d.s.r.a.ConfigClusterResolver (43) [getClusterEndpoints] - Resolving eureka endpoints via configuration
2021-10-11 12:49:36.056 [INFO ] [AsyncResolver-bootstrap-executor-0      ] c.n.d.s.r.a.ConfigClusterResolver (43) [getClusterEndpoints] - Resolving eureka endpoints via configuration
2021-10-11 12:54:36.074 [INFO ] [AsyncResolver-bootstrap-executor-0      ] c.n.d.s.r.a.ConfigClusterResolver (43) [getClusterEndpoints] - Resolving eureka endpoints via configuration
2021-10-11 12:59:36.093 [INFO ] [AsyncResolver-bootstrap-executor-0      ] c.n.d.s.r.a.ConfigClusterResolver (43) [getClusterEndpoints] - Resolving eureka endpoints via configuration
2021-10-11 13:04:36.097 [INFO ] [AsyncResolver-bootstrap-executor-0      ] c.n.d.s.r.a.ConfigClusterResolver (43) [getClusterEndpoints] - Resolving eureka endpoints via configuration
2021-10-11 13:09:36.101 [INFO ] [AsyncResolver-bootstrap-executor-0      ] c.n.d.s.r.a.ConfigClusterResolver (43) [getClusterEndpoints] - Resolving eureka endpoints via configuration
2021-10-11 13:14:36.115 [INFO ] [AsyncResolver-bootstrap-executor-0      ] c.n.d.s.r.a.ConfigClusterResolver (43) [getClusterEndpoints] - Resolving eureka endpoints via configuration
2021-10-11 13:19:36.128 [INFO ] [AsyncResolver-bootstrap-executor-0      ] c.n.d.s.r.a.ConfigClusterResolver (43) [getClusterEndpoints] - Resolving eureka endpoints via configuration
2021-10-11 13:24:36.130 [INFO ] [AsyncResolver-bootstrap-executor-0      ] c.n.d.s.r.a.ConfigClusterResolver (43) [getClusterEndpoints] - Resolving eureka endpoints via configuration
2021-10-11 13:29:36.135 [INFO ] [AsyncResolver-bootstrap-executor-0      ] c.n.d.s.r.a.ConfigClusterResolver (43) [getClusterEndpoints] - Resolving eureka endpoints via configuration
2021-10-11 13:34:36.176 [INFO ] [AsyncResolver-bootstrap-executor-0      ] c.n.d.s.r.a.ConfigClusterResolver (43) [getClusterEndpoints] - Resolving eureka endpoints via configuration
2021-10-11 13:39:36.237 [INFO ] [AsyncResolver-bootstrap-executor-0      ] c.n.d.s.r.a.ConfigClusterResolver (43) [getClusterEndpoints] - Resolving eureka endpoints via configuration
2021-10-11 13:44:36.244 [INFO ] [AsyncResolver-bootstrap-executor-0      ] c.n.d.s.r.a.ConfigClusterResolver (43) [getClusterEndpoints] - Resolving eureka endpoints via configuration
2021-10-11 13:49:36.252 [INFO ] [AsyncResolver-bootstrap-executor-0      ] c.n.d.s.r.a.ConfigClusterResolver (43) [getClusterEndpoints] - Resolving eureka endpoints via configuration
2021-10-11 13:54:36.262 [INFO ] [AsyncResolver-bootstrap-executor-0      ] c.n.d.s.r.a.ConfigClusterResolver (43) [getClusterEndpoints] - Resolving eureka endpoints via configuration
2021-10-11 13:59:36.278 [INFO ] [AsyncResolver-bootstrap-executor-0      ] c.n.d.s.r.a.ConfigClusterResolver (43) [getClusterEndpoints] - Resolving eureka endpoints via configuration
2021-10-11 14:04:36.285 [INFO ] [AsyncResolver-bootstrap-executor-0      ] c.n.d.s.r.a.ConfigClusterResolver (43) [getClusterEndpoints] - Resolving eureka endpoints via configuration
2021-10-11 14:09:36.300 [INFO ] [AsyncResolver-bootstrap-executor-0      ] c.n.d.s.r.a.ConfigClusterResolver (43) [getClusterEndpoints] - Resolving eureka endpoints via configuration
2021-10-11 14:14:36.311 [INFO ] [AsyncResolver-bootstrap-executor-0      ] c.n.d.s.r.a.ConfigClusterResolver (43) [getClusterEndpoints] - Resolving eureka endpoints via configuration
2021-10-11 14:19:36.315 [INFO ] [AsyncResolver-bootstrap-executor-0      ] c.n.d.s.r.a.ConfigClusterResolver (43) [getClusterEndpoints] - Resolving eureka endpoints via configuration
2021-10-11 14:24:36.331 [INFO ] [AsyncResolver-bootstrap-executor-0      ] c.n.d.s.r.a.ConfigClusterResolver (43) [getClusterEndpoints] - Resolving eureka endpoints via configuration
2021-10-11 14:29:36.363 [INFO ] [AsyncResolver-bootstrap-executor-0      ] c.n.d.s.r.a.ConfigClusterResolver (43) [getClusterEndpoints] - Resolving eureka endpoints via configuration
2021-10-11 14:34:36.383 [INFO ] [AsyncResolver-bootstrap-executor-0      ] c.n.d.s.r.a.ConfigClusterResolver (43) [getClusterEndpoints] - Resolving eureka endpoints via configuration
2021-10-11 14:39:36.394 [INFO ] [AsyncResolver-bootstrap-executor-0      ] c.n.d.s.r.a.ConfigClusterResolver (43) [getClusterEndpoints] - Resolving eureka endpoints via configuration
2021-10-11 14:52:28.006 [INFO ] [AsyncResolver-bootstrap-executor-0      ] c.n.d.s.r.a.ConfigClusterResolver (43) [getClusterEndpoints] - Resolving eureka endpoints via configuration
2021-10-11 14:57:28.013 [INFO ] [AsyncResolver-bootstrap-executor-0      ] c.n.d.s.r.a.ConfigClusterResolver (43) [getClusterEndpoints] - Resolving eureka endpoints via configuration
2021-10-11 15:02:28.021 [INFO ] [AsyncResolver-bootstrap-executor-0      ] c.n.d.s.r.a.ConfigClusterResolver (43) [getClusterEndpoints] - Resolving eureka endpoints via configuration
2021-10-11 15:07:28.035 [INFO ] [AsyncResolver-bootstrap-executor-0      ] c.n.d.s.r.a.ConfigClusterResolver (43) [getClusterEndpoints] - Resolving eureka endpoints via configuration
2021-10-11 15:12:28.044 [INFO ] [AsyncResolver-bootstrap-executor-0      ] c.n.d.s.r.a.ConfigClusterResolver (43) [getClusterEndpoints] - Resolving eureka endpoints via configuration
2021-10-11 15:17:28.064 [INFO ] [AsyncResolver-bootstrap-executor-0      ] c.n.d.s.r.a.ConfigClusterResolver (43) [getClusterEndpoints] - Resolving eureka endpoints via configuration
2021-10-11 15:22:28.072 [INFO ] [AsyncResolver-bootstrap-executor-0      ] c.n.d.s.r.a.ConfigClusterResolver (43) [getClusterEndpoints] - Resolving eureka endpoints via configuration
2021-10-11 15:27:28.077 [INFO ] [AsyncResolver-bootstrap-executor-0      ] c.n.d.s.r.a.ConfigClusterResolver (43) [getClusterEndpoints] - Resolving eureka endpoints via configuration
2021-10-11 15:32:28.089 [INFO ] [AsyncResolver-bootstrap-executor-0      ] c.n.d.s.r.a.ConfigClusterResolver (43) [getClusterEndpoints] - Resolving eureka endpoints via configuration
2021-10-11 15:37:28.103 [INFO ] [AsyncResolver-bootstrap-executor-0      ] c.n.d.s.r.a.ConfigClusterResolver (43) [getClusterEndpoints] - Resolving eureka endpoints via configuration
2021-10-11 15:42:28.111 [INFO ] [AsyncResolver-bootstrap-executor-0      ] c.n.d.s.r.a.ConfigClusterResolver (43) [getClusterEndpoints] - Resolving eureka endpoints via configuration
2021-10-11 15:47:28.112 [INFO ] [AsyncResolver-bootstrap-executor-0      ] c.n.d.s.r.a.ConfigClusterResolver (43) [getClusterEndpoints] - Resolving eureka endpoints via configuration
